>> interpolacaoGrafica(3)

a =

   -9.5249
   -0.0226
    5.0000


b =

   -9.2582
   -0.0000
    4.9258


P_x =

     0


k =

     1


produtorio =

     1


indice =

     1


produtorio =

     1


indice =

     2

 
produtorio =
 
- (221*x)/2100 - 1/420
 

indice =

     3

 
produtorio =
 
((221*x)/2100 + 1/420)*((221*x)/3210 - 221/642)
 
 
L_nk =
 
((221*x)/2100 + 1/420)*((221*x)/3210 - 221/642)
 

k =

     2


produtorio =

     1


indice =

     1

 
produtorio =
 
(221*x)/2100 + 421/420
 

indice =

     2

 
produtorio =
 
(221*x)/2100 + 421/420
 

indice =

     3

 
produtorio =
 
-((221*x)/1110 - 221/222)*((221*x)/2100 + 421/420)
 
 
L_nk =
 
[ ((221*x)/2100 + 1/420)*((221*x)/3210 - 221/642), -((221*x)/1110 - 221/222)*((221*x)/2100 + 421/420)]
 

k =

     3


produtorio =

     1


indice =

     1

 
produtorio =
 
(221*x)/3210 + 421/642
 

indice =

     2

 
produtorio =
 
((221*x)/1110 + 1/222)*((221*x)/3210 + 421/642)
 

indice =

     3

 
produtorio =
 
((221*x)/1110 + 1/222)*((221*x)/3210 + 421/642)
 
 
L_nk =
 
[ ((221*x)/2100 + 1/420)*((221*x)/3210 - 221/642), -((221*x)/1110 - 221/222)*((221*x)/2100 + 421/420), ((221*x)/1110 + 1/222)*((221*x)/3210 + 421/642)]
 

k =

     1

 
P_x =
 
-(3120*((221*x)/2100 + 1/420)*((221*x)/3210 - 221/642))/337
 

k =

     2

 
P_x =
 
(((221*x)/1110 - 221/222)*((221*x)/2100 + 421/420))/562949953421312 - (3120*((221*x)/2100 + 1/420)*((221*x)/3210 - 221/642))/337
 

k =

     3

 
P_x =
 
(((221*x)/1110 - 221/222)*((221*x)/2100 + 421/420))/562949953421312 + (1660*((221*x)/1110 + 1/222)*((221*x)/3210 + 421/642))/337 - (3120*((221*x)/2100 + 1/420)*((221*x)/3210 - 221/642))/337
 
 
resultado =
 
(((221*x)/1110 - 221/222)*((221*x)/2100 + 421/420))/562949953421312 + (1660*((221*x)/1110 + 1/222)*((221*x)/3210 + 421/642))/337 - (3120*((221*x)/2100 + 1/420)*((221*x)/3210 - 221/642))/337
 
 
resultado =
 
(20896229393039988695539*x^2)/47317930235446897410048000 + (46301893952664124365071*x)/47317930235446897410048 + 41901738631031245195861/1892717209417875896401920
 
 
resultado =
 
0.00044161334380146166670029728924881*x^2 + 0.97852745718743128745798324657294*x + 0.022138404206679424603407195438216
 
                                       2
0.00044161334380146166670029728924881 x  + 0.97852745718743128745798324657294 x

   + 0.022138404206679424603407195438216


Xinter =

  Columns 1 through 10

  -10.0000   -9.7500   -9.5000   -9.2500   -9.0000   -8.7500   -8.5000   -8.2500   -8.0000   -7.7500

  Columns 11 through 20

   -7.5000   -7.2500   -7.0000   -6.7500   -6.5000   -6.2500   -6.0000   -5.7500   -5.5000   -5.2500

  Columns 21 through 30

   -5.0000   -4.7500   -4.5000   -4.2500   -4.0000   -3.7500   -3.5000   -3.2500   -3.0000   -2.7500

  Columns 31 through 40

   -2.5000   -2.2500   -2.0000   -1.7500   -1.5000   -1.2500   -1.0000   -0.7500   -0.5000   -0.2500

  Columns 41 through 50

         0    0.2500    0.5000    0.7500    1.0000    1.2500    1.5000    1.7500    2.0000    2.2500

  Columns 51 through 60

    2.5000    2.7500    3.0000    3.2500    3.5000    3.7500    4.0000    4.2500    4.5000    4.7500

  Columns 61 through 70

    5.0000    5.2500    5.5000    5.7500    6.0000    6.2500    6.5000    6.7500    7.0000    7.2500

  Columns 71 through 80

    7.5000    7.7500    8.0000    8.2500    8.5000    8.7500    9.0000    9.2500    9.5000    9.7500

  Column 81

   10.0000


y_a =

   -9.7190


Yinter =

   -9.7190


y_a =

   -9.4765


Yinter =

   -9.7190   -9.4765


y_a =

   -9.2340


Yinter =

   -9.7190   -9.4765   -9.2340


y_a =

   -8.9915


Yinter =

   -9.7190   -9.4765   -9.2340   -8.9915


y_a =

   -8.7488


Yinter =

   -9.7190   -9.4765   -9.2340   -8.9915   -8.7488


y_a =

   -8.5062


Yinter =

   -9.7190   -9.4765   -9.2340   -8.9915   -8.7488   -8.5062


y_a =

   -8.2634


Yinter =

   -9.7190   -9.4765   -9.2340   -8.9915   -8.7488   -8.5062   -8.2634


y_a =

   -8.0207


Yinter =

   -9.7190   -9.4765   -9.2340   -8.9915   -8.7488   -8.5062   -8.2634   -8.0207


y_a =

   -7.7778


Yinter =

   -9.7190   -9.4765   -9.2340   -8.9915   -8.7488   -8.5062   -8.2634   -8.0207   -7.7778


y_a =

   -7.5349


Yinter =

   -9.7190   -9.4765   -9.2340   -8.9915   -8.7488   -8.5062   -8.2634   -8.0207   -7.7778   -7.5349


y_a =

   -7.2920


Yinter =

  Columns 1 through 10

   -9.7190   -9.4765   -9.2340   -8.9915   -8.7488   -8.5062   -8.2634   -8.0207   -7.7778   -7.5349

  Column 11

   -7.2920


y_a =

   -7.0490


Yinter =

  Columns 1 through 10

   -9.7190   -9.4765   -9.2340   -8.9915   -8.7488   -8.5062   -8.2634   -8.0207   -7.7778   -7.5349

  Columns 11 through 12

   -7.2920   -7.0490


y_a =

   -6.8059


Yinter =

  Columns 1 through 10

   -9.7190   -9.4765   -9.2340   -8.9915   -8.7488   -8.5062   -8.2634   -8.0207   -7.7778   -7.5349

  Columns 11 through 13

   -7.2920   -7.0490   -6.8059


y_a =

   -6.5628


Yinter =

  Columns 1 through 10

   -9.7190   -9.4765   -9.2340   -8.9915   -8.7488   -8.5062   -8.2634   -8.0207   -7.7778   -7.5349

  Columns 11 through 14

   -7.2920   -7.0490   -6.8059   -6.5628


y_a =

   -6.3196


Yinter =

  Columns 1 through 10

   -9.7190   -9.4765   -9.2340   -8.9915   -8.7488   -8.5062   -8.2634   -8.0207   -7.7778   -7.5349

  Columns 11 through 15

   -7.2920   -7.0490   -6.8059   -6.5628   -6.3196


y_a =

   -6.0764


Yinter =

  Columns 1 through 10

   -9.7190   -9.4765   -9.2340   -8.9915   -8.7488   -8.5062   -8.2634   -8.0207   -7.7778   -7.5349

  Columns 11 through 16

   -7.2920   -7.0490   -6.8059   -6.5628   -6.3196   -6.0764


y_a =

   -5.8331


Yinter =

  Columns 1 through 10

   -9.7190   -9.4765   -9.2340   -8.9915   -8.7488   -8.5062   -8.2634   -8.0207   -7.7778   -7.5349

  Columns 11 through 17

   -7.2920   -7.0490   -6.8059   -6.5628   -6.3196   -6.0764   -5.8331


y_a =

   -5.5898


Yinter =

  Columns 1 through 10

   -9.7190   -9.4765   -9.2340   -8.9915   -8.7488   -8.5062   -8.2634   -8.0207   -7.7778   -7.5349

  Columns 11 through 18

   -7.2920   -7.0490   -6.8059   -6.5628   -6.3196   -6.0764   -5.8331   -5.5898


y_a =

   -5.3464


Yinter =

  Columns 1 through 10

   -9.7190   -9.4765   -9.2340   -8.9915   -8.7488   -8.5062   -8.2634   -8.0207   -7.7778   -7.5349

  Columns 11 through 19

   -7.2920   -7.0490   -6.8059   -6.5628   -6.3196   -6.0764   -5.8331   -5.5898   -5.3464


y_a =

   -5.1030


Yinter =

  Columns 1 through 10

   -9.7190   -9.4765   -9.2340   -8.9915   -8.7488   -8.5062   -8.2634   -8.0207   -7.7778   -7.5349

  Columns 11 through 20

   -7.2920   -7.0490   -6.8059   -6.5628   -6.3196   -6.0764   -5.8331   -5.5898   -5.3464   -5.1030


y_a =

   -4.8595


Yinter =

  Columns 1 through 10

   -9.7190   -9.4765   -9.2340   -8.9915   -8.7488   -8.5062   -8.2634   -8.0207   -7.7778   -7.5349

  Columns 11 through 20

   -7.2920   -7.0490   -6.8059   -6.5628   -6.3196   -6.0764   -5.8331   -5.5898   -5.3464   -5.1030

  Column 21

   -4.8595


y_a =

   -4.6159


Yinter =

  Columns 1 through 10

   -9.7190   -9.4765   -9.2340   -8.9915   -8.7488   -8.5062   -8.2634   -8.0207   -7.7778   -7.5349

  Columns 11 through 20

   -7.2920   -7.0490   -6.8059   -6.5628   -6.3196   -6.0764   -5.8331   -5.5898   -5.3464   -5.1030

  Columns 21 through 22

   -4.8595   -4.6159


y_a =

   -4.3723


Yinter =

  Columns 1 through 10

   -9.7190   -9.4765   -9.2340   -8.9915   -8.7488   -8.5062   -8.2634   -8.0207   -7.7778   -7.5349

  Columns 11 through 20

   -7.2920   -7.0490   -6.8059   -6.5628   -6.3196   -6.0764   -5.8331   -5.5898   -5.3464   -5.1030

  Columns 21 through 23

   -4.8595   -4.6159   -4.3723


y_a =

   -4.1286


Yinter =

  Columns 1 through 10

   -9.7190   -9.4765   -9.2340   -8.9915   -8.7488   -8.5062   -8.2634   -8.0207   -7.7778   -7.5349

  Columns 11 through 20

   -7.2920   -7.0490   -6.8059   -6.5628   -6.3196   -6.0764   -5.8331   -5.5898   -5.3464   -5.1030

  Columns 21 through 24

   -4.8595   -4.6159   -4.3723   -4.1286


y_a =

   -3.8849


Yinter =

  Columns 1 through 10

   -9.7190   -9.4765   -9.2340   -8.9915   -8.7488   -8.5062   -8.2634   -8.0207   -7.7778   -7.5349

  Columns 11 through 20

   -7.2920   -7.0490   -6.8059   -6.5628   -6.3196   -6.0764   -5.8331   -5.5898   -5.3464   -5.1030

  Columns 21 through 25

   -4.8595   -4.6159   -4.3723   -4.1286   -3.8849


y_a =

   -3.6411


Yinter =

  Columns 1 through 10

   -9.7190   -9.4765   -9.2340   -8.9915   -8.7488   -8.5062   -8.2634   -8.0207   -7.7778   -7.5349

  Columns 11 through 20

   -7.2920   -7.0490   -6.8059   -6.5628   -6.3196   -6.0764   -5.8331   -5.5898   -5.3464   -5.1030

  Columns 21 through 26

   -4.8595   -4.6159   -4.3723   -4.1286   -3.8849   -3.6411


y_a =

   -3.3973


Yinter =

  Columns 1 through 10

   -9.7190   -9.4765   -9.2340   -8.9915   -8.7488   -8.5062   -8.2634   -8.0207   -7.7778   -7.5349

  Columns 11 through 20

   -7.2920   -7.0490   -6.8059   -6.5628   -6.3196   -6.0764   -5.8331   -5.5898   -5.3464   -5.1030

  Columns 21 through 27

   -4.8595   -4.6159   -4.3723   -4.1286   -3.8849   -3.6411   -3.3973


y_a =

   -3.1534


Yinter =

  Columns 1 through 10

   -9.7190   -9.4765   -9.2340   -8.9915   -8.7488   -8.5062   -8.2634   -8.0207   -7.7778   -7.5349

  Columns 11 through 20

   -7.2920   -7.0490   -6.8059   -6.5628   -6.3196   -6.0764   -5.8331   -5.5898   -5.3464   -5.1030

  Columns 21 through 28

   -4.8595   -4.6159   -4.3723   -4.1286   -3.8849   -3.6411   -3.3973   -3.1534


y_a =

   -2.9095


Yinter =

  Columns 1 through 10

   -9.7190   -9.4765   -9.2340   -8.9915   -8.7488   -8.5062   -8.2634   -8.0207   -7.7778   -7.5349

  Columns 11 through 20

   -7.2920   -7.0490   -6.8059   -6.5628   -6.3196   -6.0764   -5.8331   -5.5898   -5.3464   -5.1030

  Columns 21 through 29

   -4.8595   -4.6159   -4.3723   -4.1286   -3.8849   -3.6411   -3.3973   -3.1534   -2.9095


y_a =

   -2.6655


Yinter =

  Columns 1 through 10

   -9.7190   -9.4765   -9.2340   -8.9915   -8.7488   -8.5062   -8.2634   -8.0207   -7.7778   -7.5349

  Columns 11 through 20

   -7.2920   -7.0490   -6.8059   -6.5628   -6.3196   -6.0764   -5.8331   -5.5898   -5.3464   -5.1030

  Columns 21 through 30

   -4.8595   -4.6159   -4.3723   -4.1286   -3.8849   -3.6411   -3.3973   -3.1534   -2.9095   -2.6655


y_a =

   -2.4214


Yinter =

  Columns 1 through 10

   -9.7190   -9.4765   -9.2340   -8.9915   -8.7488   -8.5062   -8.2634   -8.0207   -7.7778   -7.5349

  Columns 11 through 20

   -7.2920   -7.0490   -6.8059   -6.5628   -6.3196   -6.0764   -5.8331   -5.5898   -5.3464   -5.1030

  Columns 21 through 30

   -4.8595   -4.6159   -4.3723   -4.1286   -3.8849   -3.6411   -3.3973   -3.1534   -2.9095   -2.6655

  Column 31

   -2.4214


y_a =

   -2.1773


Yinter =

  Columns 1 through 10

   -9.7190   -9.4765   -9.2340   -8.9915   -8.7488   -8.5062   -8.2634   -8.0207   -7.7778   -7.5349

  Columns 11 through 20

   -7.2920   -7.0490   -6.8059   -6.5628   -6.3196   -6.0764   -5.8331   -5.5898   -5.3464   -5.1030

  Columns 21 through 30

   -4.8595   -4.6159   -4.3723   -4.1286   -3.8849   -3.6411   -3.3973   -3.1534   -2.9095   -2.6655

  Columns 31 through 32

   -2.4214   -2.1773


y_a =

   -1.9332


Yinter =

  Columns 1 through 10

   -9.7190   -9.4765   -9.2340   -8.9915   -8.7488   -8.5062   -8.2634   -8.0207   -7.7778   -7.5349

  Columns 11 through 20

   -7.2920   -7.0490   -6.8059   -6.5628   -6.3196   -6.0764   -5.8331   -5.5898   -5.3464   -5.1030

  Columns 21 through 30

   -4.8595   -4.6159   -4.3723   -4.1286   -3.8849   -3.6411   -3.3973   -3.1534   -2.9095   -2.6655

  Columns 31 through 33

   -2.4214   -2.1773   -1.9332


y_a =

   -1.6889


Yinter =

  Columns 1 through 10

   -9.7190   -9.4765   -9.2340   -8.9915   -8.7488   -8.5062   -8.2634   -8.0207   -7.7778   -7.5349

  Columns 11 through 20

   -7.2920   -7.0490   -6.8059   -6.5628   -6.3196   -6.0764   -5.8331   -5.5898   -5.3464   -5.1030

  Columns 21 through 30

   -4.8595   -4.6159   -4.3723   -4.1286   -3.8849   -3.6411   -3.3973   -3.1534   -2.9095   -2.6655

  Columns 31 through 34

   -2.4214   -2.1773   -1.9332   -1.6889


y_a =

   -1.4447


Yinter =

  Columns 1 through 10

   -9.7190   -9.4765   -9.2340   -8.9915   -8.7488   -8.5062   -8.2634   -8.0207   -7.7778   -7.5349

  Columns 11 through 20

   -7.2920   -7.0490   -6.8059   -6.5628   -6.3196   -6.0764   -5.8331   -5.5898   -5.3464   -5.1030

  Columns 21 through 30

   -4.8595   -4.6159   -4.3723   -4.1286   -3.8849   -3.6411   -3.3973   -3.1534   -2.9095   -2.6655

  Columns 31 through 35

   -2.4214   -2.1773   -1.9332   -1.6889   -1.4447


y_a =

   -1.2003


Yinter =

  Columns 1 through 10

   -9.7190   -9.4765   -9.2340   -8.9915   -8.7488   -8.5062   -8.2634   -8.0207   -7.7778   -7.5349

  Columns 11 through 20

   -7.2920   -7.0490   -6.8059   -6.5628   -6.3196   -6.0764   -5.8331   -5.5898   -5.3464   -5.1030

  Columns 21 through 30

   -4.8595   -4.6159   -4.3723   -4.1286   -3.8849   -3.6411   -3.3973   -3.1534   -2.9095   -2.6655

  Columns 31 through 36

   -2.4214   -2.1773   -1.9332   -1.6889   -1.4447   -1.2003


y_a =

   -0.9559


Yinter =

  Columns 1 through 10

   -9.7190   -9.4765   -9.2340   -8.9915   -8.7488   -8.5062   -8.2634   -8.0207   -7.7778   -7.5349

  Columns 11 through 20

   -7.2920   -7.0490   -6.8059   -6.5628   -6.3196   -6.0764   -5.8331   -5.5898   -5.3464   -5.1030

  Columns 21 through 30

   -4.8595   -4.6159   -4.3723   -4.1286   -3.8849   -3.6411   -3.3973   -3.1534   -2.9095   -2.6655

  Columns 31 through 37

   -2.4214   -2.1773   -1.9332   -1.6889   -1.4447   -1.2003   -0.9559


y_a =

   -0.7115


Yinter =

  Columns 1 through 10

   -9.7190   -9.4765   -9.2340   -8.9915   -8.7488   -8.5062   -8.2634   -8.0207   -7.7778   -7.5349

  Columns 11 through 20

   -7.2920   -7.0490   -6.8059   -6.5628   -6.3196   -6.0764   -5.8331   -5.5898   -5.3464   -5.1030

  Columns 21 through 30

   -4.8595   -4.6159   -4.3723   -4.1286   -3.8849   -3.6411   -3.3973   -3.1534   -2.9095   -2.6655

  Columns 31 through 38

   -2.4214   -2.1773   -1.9332   -1.6889   -1.4447   -1.2003   -0.9559   -0.7115


y_a =

   -0.4670


Yinter =

  Columns 1 through 10

   -9.7190   -9.4765   -9.2340   -8.9915   -8.7488   -8.5062   -8.2634   -8.0207   -7.7778   -7.5349

  Columns 11 through 20

   -7.2920   -7.0490   -6.8059   -6.5628   -6.3196   -6.0764   -5.8331   -5.5898   -5.3464   -5.1030

  Columns 21 through 30

   -4.8595   -4.6159   -4.3723   -4.1286   -3.8849   -3.6411   -3.3973   -3.1534   -2.9095   -2.6655

  Columns 31 through 39

   -2.4214   -2.1773   -1.9332   -1.6889   -1.4447   -1.2003   -0.9559   -0.7115   -0.4670


y_a =

   -0.2225


Yinter =

  Columns 1 through 10

   -9.7190   -9.4765   -9.2340   -8.9915   -8.7488   -8.5062   -8.2634   -8.0207   -7.7778   -7.5349

  Columns 11 through 20

   -7.2920   -7.0490   -6.8059   -6.5628   -6.3196   -6.0764   -5.8331   -5.5898   -5.3464   -5.1030

  Columns 21 through 30

   -4.8595   -4.6159   -4.3723   -4.1286   -3.8849   -3.6411   -3.3973   -3.1534   -2.9095   -2.6655

  Columns 31 through 40

   -2.4214   -2.1773   -1.9332   -1.6889   -1.4447   -1.2003   -0.9559   -0.7115   -0.4670   -0.2225


y_a =

    0.0221


Yinter =

  Columns 1 through 10

   -9.7190   -9.4765   -9.2340   -8.9915   -8.7488   -8.5062   -8.2634   -8.0207   -7.7778   -7.5349

  Columns 11 through 20

   -7.2920   -7.0490   -6.8059   -6.5628   -6.3196   -6.0764   -5.8331   -5.5898   -5.3464   -5.1030

  Columns 21 through 30

   -4.8595   -4.6159   -4.3723   -4.1286   -3.8849   -3.6411   -3.3973   -3.1534   -2.9095   -2.6655

  Columns 31 through 40

   -2.4214   -2.1773   -1.9332   -1.6889   -1.4447   -1.2003   -0.9559   -0.7115   -0.4670   -0.2225

  Column 41

    0.0221


y_a =

    0.2668


Yinter =

  Columns 1 through 10

   -9.7190   -9.4765   -9.2340   -8.9915   -8.7488   -8.5062   -8.2634   -8.0207   -7.7778   -7.5349

  Columns 11 through 20

   -7.2920   -7.0490   -6.8059   -6.5628   -6.3196   -6.0764   -5.8331   -5.5898   -5.3464   -5.1030

  Columns 21 through 30

   -4.8595   -4.6159   -4.3723   -4.1286   -3.8849   -3.6411   -3.3973   -3.1534   -2.9095   -2.6655

  Columns 31 through 40

   -2.4214   -2.1773   -1.9332   -1.6889   -1.4447   -1.2003   -0.9559   -0.7115   -0.4670   -0.2225

  Columns 41 through 42

    0.0221    0.2668


y_a =

    0.5115


Yinter =

  Columns 1 through 10

   -9.7190   -9.4765   -9.2340   -8.9915   -8.7488   -8.5062   -8.2634   -8.0207   -7.7778   -7.5349

  Columns 11 through 20

   -7.2920   -7.0490   -6.8059   -6.5628   -6.3196   -6.0764   -5.8331   -5.5898   -5.3464   -5.1030

  Columns 21 through 30

   -4.8595   -4.6159   -4.3723   -4.1286   -3.8849   -3.6411   -3.3973   -3.1534   -2.9095   -2.6655

  Columns 31 through 40

   -2.4214   -2.1773   -1.9332   -1.6889   -1.4447   -1.2003   -0.9559   -0.7115   -0.4670   -0.2225

  Columns 41 through 43

    0.0221    0.2668    0.5115


y_a =

    0.7563


Yinter =

  Columns 1 through 10

   -9.7190   -9.4765   -9.2340   -8.9915   -8.7488   -8.5062   -8.2634   -8.0207   -7.7778   -7.5349

  Columns 11 through 20

   -7.2920   -7.0490   -6.8059   -6.5628   -6.3196   -6.0764   -5.8331   -5.5898   -5.3464   -5.1030

  Columns 21 through 30

   -4.8595   -4.6159   -4.3723   -4.1286   -3.8849   -3.6411   -3.3973   -3.1534   -2.9095   -2.6655

  Columns 31 through 40

   -2.4214   -2.1773   -1.9332   -1.6889   -1.4447   -1.2003   -0.9559   -0.7115   -0.4670   -0.2225

  Columns 41 through 44

    0.0221    0.2668    0.5115    0.7563


y_a =

    1.0011


Yinter =

  Columns 1 through 10

   -9.7190   -9.4765   -9.2340   -8.9915   -8.7488   -8.5062   -8.2634   -8.0207   -7.7778   -7.5349

  Columns 11 through 20

   -7.2920   -7.0490   -6.8059   -6.5628   -6.3196   -6.0764   -5.8331   -5.5898   -5.3464   -5.1030

  Columns 21 through 30

   -4.8595   -4.6159   -4.3723   -4.1286   -3.8849   -3.6411   -3.3973   -3.1534   -2.9095   -2.6655

  Columns 31 through 40

   -2.4214   -2.1773   -1.9332   -1.6889   -1.4447   -1.2003   -0.9559   -0.7115   -0.4670   -0.2225

  Columns 41 through 45

    0.0221    0.2668    0.5115    0.7563    1.0011


y_a =

    1.2460


Yinter =

  Columns 1 through 10

   -9.7190   -9.4765   -9.2340   -8.9915   -8.7488   -8.5062   -8.2634   -8.0207   -7.7778   -7.5349

  Columns 11 through 20

   -7.2920   -7.0490   -6.8059   -6.5628   -6.3196   -6.0764   -5.8331   -5.5898   -5.3464   -5.1030

  Columns 21 through 30

   -4.8595   -4.6159   -4.3723   -4.1286   -3.8849   -3.6411   -3.3973   -3.1534   -2.9095   -2.6655

  Columns 31 through 40

   -2.4214   -2.1773   -1.9332   -1.6889   -1.4447   -1.2003   -0.9559   -0.7115   -0.4670   -0.2225

  Columns 41 through 46

    0.0221    0.2668    0.5115    0.7563    1.0011    1.2460


y_a =

    1.4909


Yinter =

  Columns 1 through 10

   -9.7190   -9.4765   -9.2340   -8.9915   -8.7488   -8.5062   -8.2634   -8.0207   -7.7778   -7.5349

  Columns 11 through 20

   -7.2920   -7.0490   -6.8059   -6.5628   -6.3196   -6.0764   -5.8331   -5.5898   -5.3464   -5.1030

  Columns 21 through 30

   -4.8595   -4.6159   -4.3723   -4.1286   -3.8849   -3.6411   -3.3973   -3.1534   -2.9095   -2.6655

  Columns 31 through 40

   -2.4214   -2.1773   -1.9332   -1.6889   -1.4447   -1.2003   -0.9559   -0.7115   -0.4670   -0.2225

  Columns 41 through 47

    0.0221    0.2668    0.5115    0.7563    1.0011    1.2460    1.4909


y_a =

    1.7359


Yinter =

  Columns 1 through 10

   -9.7190   -9.4765   -9.2340   -8.9915   -8.7488   -8.5062   -8.2634   -8.0207   -7.7778   -7.5349

  Columns 11 through 20

   -7.2920   -7.0490   -6.8059   -6.5628   -6.3196   -6.0764   -5.8331   -5.5898   -5.3464   -5.1030

  Columns 21 through 30

   -4.8595   -4.6159   -4.3723   -4.1286   -3.8849   -3.6411   -3.3973   -3.1534   -2.9095   -2.6655

  Columns 31 through 40

   -2.4214   -2.1773   -1.9332   -1.6889   -1.4447   -1.2003   -0.9559   -0.7115   -0.4670   -0.2225

  Columns 41 through 48

    0.0221    0.2668    0.5115    0.7563    1.0011    1.2460    1.4909    1.7359


y_a =

    1.9810


Yinter =

  Columns 1 through 10

   -9.7190   -9.4765   -9.2340   -8.9915   -8.7488   -8.5062   -8.2634   -8.0207   -7.7778   -7.5349

  Columns 11 through 20

   -7.2920   -7.0490   -6.8059   -6.5628   -6.3196   -6.0764   -5.8331   -5.5898   -5.3464   -5.1030

  Columns 21 through 30

   -4.8595   -4.6159   -4.3723   -4.1286   -3.8849   -3.6411   -3.3973   -3.1534   -2.9095   -2.6655

  Columns 31 through 40

   -2.4214   -2.1773   -1.9332   -1.6889   -1.4447   -1.2003   -0.9559   -0.7115   -0.4670   -0.2225

  Columns 41 through 49

    0.0221    0.2668    0.5115    0.7563    1.0011    1.2460    1.4909    1.7359    1.9810


y_a =

    2.2261


Yinter =

  Columns 1 through 10

   -9.7190   -9.4765   -9.2340   -8.9915   -8.7488   -8.5062   -8.2634   -8.0207   -7.7778   -7.5349

  Columns 11 through 20

   -7.2920   -7.0490   -6.8059   -6.5628   -6.3196   -6.0764   -5.8331   -5.5898   -5.3464   -5.1030

  Columns 21 through 30

   -4.8595   -4.6159   -4.3723   -4.1286   -3.8849   -3.6411   -3.3973   -3.1534   -2.9095   -2.6655

  Columns 31 through 40

   -2.4214   -2.1773   -1.9332   -1.6889   -1.4447   -1.2003   -0.9559   -0.7115   -0.4670   -0.2225

  Columns 41 through 50

    0.0221    0.2668    0.5115    0.7563    1.0011    1.2460    1.4909    1.7359    1.9810    2.2261


y_a =

    2.4712


Yinter =

  Columns 1 through 10

   -9.7190   -9.4765   -9.2340   -8.9915   -8.7488   -8.5062   -8.2634   -8.0207   -7.7778   -7.5349

  Columns 11 through 20

   -7.2920   -7.0490   -6.8059   -6.5628   -6.3196   -6.0764   -5.8331   -5.5898   -5.3464   -5.1030

  Columns 21 through 30

   -4.8595   -4.6159   -4.3723   -4.1286   -3.8849   -3.6411   -3.3973   -3.1534   -2.9095   -2.6655

  Columns 31 through 40

   -2.4214   -2.1773   -1.9332   -1.6889   -1.4447   -1.2003   -0.9559   -0.7115   -0.4670   -0.2225

  Columns 41 through 50

    0.0221    0.2668    0.5115    0.7563    1.0011    1.2460    1.4909    1.7359    1.9810    2.2261

  Column 51

    2.4712


y_a =

    2.7164


Yinter =

  Columns 1 through 10

   -9.7190   -9.4765   -9.2340   -8.9915   -8.7488   -8.5062   -8.2634   -8.0207   -7.7778   -7.5349

  Columns 11 through 20

   -7.2920   -7.0490   -6.8059   -6.5628   -6.3196   -6.0764   -5.8331   -5.5898   -5.3464   -5.1030

  Columns 21 through 30

   -4.8595   -4.6159   -4.3723   -4.1286   -3.8849   -3.6411   -3.3973   -3.1534   -2.9095   -2.6655

  Columns 31 through 40

   -2.4214   -2.1773   -1.9332   -1.6889   -1.4447   -1.2003   -0.9559   -0.7115   -0.4670   -0.2225

  Columns 41 through 50

    0.0221    0.2668    0.5115    0.7563    1.0011    1.2460    1.4909    1.7359    1.9810    2.2261

  Columns 51 through 52

    2.4712    2.7164


y_a =

    2.9617


Yinter =

  Columns 1 through 10

   -9.7190   -9.4765   -9.2340   -8.9915   -8.7488   -8.5062   -8.2634   -8.0207   -7.7778   -7.5349

  Columns 11 through 20

   -7.2920   -7.0490   -6.8059   -6.5628   -6.3196   -6.0764   -5.8331   -5.5898   -5.3464   -5.1030

  Columns 21 through 30

   -4.8595   -4.6159   -4.3723   -4.1286   -3.8849   -3.6411   -3.3973   -3.1534   -2.9095   -2.6655

  Columns 31 through 40

   -2.4214   -2.1773   -1.9332   -1.6889   -1.4447   -1.2003   -0.9559   -0.7115   -0.4670   -0.2225

  Columns 41 through 50

    0.0221    0.2668    0.5115    0.7563    1.0011    1.2460    1.4909    1.7359    1.9810    2.2261

  Columns 51 through 53

    2.4712    2.7164    2.9617


y_a =

    3.2070


Yinter =

  Columns 1 through 10

   -9.7190   -9.4765   -9.2340   -8.9915   -8.7488   -8.5062   -8.2634   -8.0207   -7.7778   -7.5349

  Columns 11 through 20

   -7.2920   -7.0490   -6.8059   -6.5628   -6.3196   -6.0764   -5.8331   -5.5898   -5.3464   -5.1030

  Columns 21 through 30

   -4.8595   -4.6159   -4.3723   -4.1286   -3.8849   -3.6411   -3.3973   -3.1534   -2.9095   -2.6655

  Columns 31 through 40

   -2.4214   -2.1773   -1.9332   -1.6889   -1.4447   -1.2003   -0.9559   -0.7115   -0.4670   -0.2225

  Columns 41 through 50

    0.0221    0.2668    0.5115    0.7563    1.0011    1.2460    1.4909    1.7359    1.9810    2.2261

  Columns 51 through 54

    2.4712    2.7164    2.9617    3.2070


y_a =

    3.4524


Yinter =

  Columns 1 through 10

   -9.7190   -9.4765   -9.2340   -8.9915   -8.7488   -8.5062   -8.2634   -8.0207   -7.7778   -7.5349

  Columns 11 through 20

   -7.2920   -7.0490   -6.8059   -6.5628   -6.3196   -6.0764   -5.8331   -5.5898   -5.3464   -5.1030

  Columns 21 through 30

   -4.8595   -4.6159   -4.3723   -4.1286   -3.8849   -3.6411   -3.3973   -3.1534   -2.9095   -2.6655

  Columns 31 through 40

   -2.4214   -2.1773   -1.9332   -1.6889   -1.4447   -1.2003   -0.9559   -0.7115   -0.4670   -0.2225

  Columns 41 through 50

    0.0221    0.2668    0.5115    0.7563    1.0011    1.2460    1.4909    1.7359    1.9810    2.2261

  Columns 51 through 55

    2.4712    2.7164    2.9617    3.2070    3.4524


y_a =

    3.6978


Yinter =

  Columns 1 through 10

   -9.7190   -9.4765   -9.2340   -8.9915   -8.7488   -8.5062   -8.2634   -8.0207   -7.7778   -7.5349

  Columns 11 through 20

   -7.2920   -7.0490   -6.8059   -6.5628   -6.3196   -6.0764   -5.8331   -5.5898   -5.3464   -5.1030

  Columns 21 through 30

   -4.8595   -4.6159   -4.3723   -4.1286   -3.8849   -3.6411   -3.3973   -3.1534   -2.9095   -2.6655

  Columns 31 through 40

   -2.4214   -2.1773   -1.9332   -1.6889   -1.4447   -1.2003   -0.9559   -0.7115   -0.4670   -0.2225

  Columns 41 through 50

    0.0221    0.2668    0.5115    0.7563    1.0011    1.2460    1.4909    1.7359    1.9810    2.2261

  Columns 51 through 56

    2.4712    2.7164    2.9617    3.2070    3.4524    3.6978


y_a =

    3.9433


Yinter =

  Columns 1 through 10

   -9.7190   -9.4765   -9.2340   -8.9915   -8.7488   -8.5062   -8.2634   -8.0207   -7.7778   -7.5349

  Columns 11 through 20

   -7.2920   -7.0490   -6.8059   -6.5628   -6.3196   -6.0764   -5.8331   -5.5898   -5.3464   -5.1030

  Columns 21 through 30

   -4.8595   -4.6159   -4.3723   -4.1286   -3.8849   -3.6411   -3.3973   -3.1534   -2.9095   -2.6655

  Columns 31 through 40

   -2.4214   -2.1773   -1.9332   -1.6889   -1.4447   -1.2003   -0.9559   -0.7115   -0.4670   -0.2225

  Columns 41 through 50

    0.0221    0.2668    0.5115    0.7563    1.0011    1.2460    1.4909    1.7359    1.9810    2.2261

  Columns 51 through 57

    2.4712    2.7164    2.9617    3.2070    3.4524    3.6978    3.9433


y_a =

    4.1889


Yinter =

  Columns 1 through 10

   -9.7190   -9.4765   -9.2340   -8.9915   -8.7488   -8.5062   -8.2634   -8.0207   -7.7778   -7.5349

  Columns 11 through 20

   -7.2920   -7.0490   -6.8059   -6.5628   -6.3196   -6.0764   -5.8331   -5.5898   -5.3464   -5.1030

  Columns 21 through 30

   -4.8595   -4.6159   -4.3723   -4.1286   -3.8849   -3.6411   -3.3973   -3.1534   -2.9095   -2.6655

  Columns 31 through 40

   -2.4214   -2.1773   -1.9332   -1.6889   -1.4447   -1.2003   -0.9559   -0.7115   -0.4670   -0.2225

  Columns 41 through 50

    0.0221    0.2668    0.5115    0.7563    1.0011    1.2460    1.4909    1.7359    1.9810    2.2261

  Columns 51 through 58

    2.4712    2.7164    2.9617    3.2070    3.4524    3.6978    3.9433    4.1889


y_a =

    4.4345


Yinter =

  Columns 1 through 10

   -9.7190   -9.4765   -9.2340   -8.9915   -8.7488   -8.5062   -8.2634   -8.0207   -7.7778   -7.5349

  Columns 11 through 20

   -7.2920   -7.0490   -6.8059   -6.5628   -6.3196   -6.0764   -5.8331   -5.5898   -5.3464   -5.1030

  Columns 21 through 30

   -4.8595   -4.6159   -4.3723   -4.1286   -3.8849   -3.6411   -3.3973   -3.1534   -2.9095   -2.6655

  Columns 31 through 40

   -2.4214   -2.1773   -1.9332   -1.6889   -1.4447   -1.2003   -0.9559   -0.7115   -0.4670   -0.2225

  Columns 41 through 50

    0.0221    0.2668    0.5115    0.7563    1.0011    1.2460    1.4909    1.7359    1.9810    2.2261

  Columns 51 through 59

    2.4712    2.7164    2.9617    3.2070    3.4524    3.6978    3.9433    4.1889    4.4345


y_a =

    4.6801


Yinter =

  Columns 1 through 10

   -9.7190   -9.4765   -9.2340   -8.9915   -8.7488   -8.5062   -8.2634   -8.0207   -7.7778   -7.5349

  Columns 11 through 20

   -7.2920   -7.0490   -6.8059   -6.5628   -6.3196   -6.0764   -5.8331   -5.5898   -5.3464   -5.1030

  Columns 21 through 30

   -4.8595   -4.6159   -4.3723   -4.1286   -3.8849   -3.6411   -3.3973   -3.1534   -2.9095   -2.6655

  Columns 31 through 40

   -2.4214   -2.1773   -1.9332   -1.6889   -1.4447   -1.2003   -0.9559   -0.7115   -0.4670   -0.2225

  Columns 41 through 50

    0.0221    0.2668    0.5115    0.7563    1.0011    1.2460    1.4909    1.7359    1.9810    2.2261

  Columns 51 through 60

    2.4712    2.7164    2.9617    3.2070    3.4524    3.6978    3.9433    4.1889    4.4345    4.6801


y_a =

    4.9258


Yinter =

  Columns 1 through 10

   -9.7190   -9.4765   -9.2340   -8.9915   -8.7488   -8.5062   -8.2634   -8.0207   -7.7778   -7.5349

  Columns 11 through 20

   -7.2920   -7.0490   -6.8059   -6.5628   -6.3196   -6.0764   -5.8331   -5.5898   -5.3464   -5.1030

  Columns 21 through 30

   -4.8595   -4.6159   -4.3723   -4.1286   -3.8849   -3.6411   -3.3973   -3.1534   -2.9095   -2.6655

  Columns 31 through 40

   -2.4214   -2.1773   -1.9332   -1.6889   -1.4447   -1.2003   -0.9559   -0.7115   -0.4670   -0.2225

  Columns 41 through 50

    0.0221    0.2668    0.5115    0.7563    1.0011    1.2460    1.4909    1.7359    1.9810    2.2261

  Columns 51 through 60

    2.4712    2.7164    2.9617    3.2070    3.4524    3.6978    3.9433    4.1889    4.4345    4.6801

  Column 61

    4.9258


y_a =

    5.1716


Yinter =

  Columns 1 through 10

   -9.7190   -9.4765   -9.2340   -8.9915   -8.7488   -8.5062   -8.2634   -8.0207   -7.7778   -7.5349

  Columns 11 through 20

   -7.2920   -7.0490   -6.8059   -6.5628   -6.3196   -6.0764   -5.8331   -5.5898   -5.3464   -5.1030

  Columns 21 through 30

   -4.8595   -4.6159   -4.3723   -4.1286   -3.8849   -3.6411   -3.3973   -3.1534   -2.9095   -2.6655

  Columns 31 through 40

   -2.4214   -2.1773   -1.9332   -1.6889   -1.4447   -1.2003   -0.9559   -0.7115   -0.4670   -0.2225

  Columns 41 through 50

    0.0221    0.2668    0.5115    0.7563    1.0011    1.2460    1.4909    1.7359    1.9810    2.2261

  Columns 51 through 60

    2.4712    2.7164    2.9617    3.2070    3.4524    3.6978    3.9433    4.1889    4.4345    4.6801

  Columns 61 through 62

    4.9258    5.1716


y_a =

    5.4174


Yinter =

  Columns 1 through 10

   -9.7190   -9.4765   -9.2340   -8.9915   -8.7488   -8.5062   -8.2634   -8.0207   -7.7778   -7.5349

  Columns 11 through 20

   -7.2920   -7.0490   -6.8059   -6.5628   -6.3196   -6.0764   -5.8331   -5.5898   -5.3464   -5.1030

  Columns 21 through 30

   -4.8595   -4.6159   -4.3723   -4.1286   -3.8849   -3.6411   -3.3973   -3.1534   -2.9095   -2.6655

  Columns 31 through 40

   -2.4214   -2.1773   -1.9332   -1.6889   -1.4447   -1.2003   -0.9559   -0.7115   -0.4670   -0.2225

  Columns 41 through 50

    0.0221    0.2668    0.5115    0.7563    1.0011    1.2460    1.4909    1.7359    1.9810    2.2261

  Columns 51 through 60

    2.4712    2.7164    2.9617    3.2070    3.4524    3.6978    3.9433    4.1889    4.4345    4.6801

  Columns 61 through 63

    4.9258    5.1716    5.4174


y_a =

    5.6633


Yinter =

  Columns 1 through 10

   -9.7190   -9.4765   -9.2340   -8.9915   -8.7488   -8.5062   -8.2634   -8.0207   -7.7778   -7.5349

  Columns 11 through 20

   -7.2920   -7.0490   -6.8059   -6.5628   -6.3196   -6.0764   -5.8331   -5.5898   -5.3464   -5.1030

  Columns 21 through 30

   -4.8595   -4.6159   -4.3723   -4.1286   -3.8849   -3.6411   -3.3973   -3.1534   -2.9095   -2.6655

  Columns 31 through 40

   -2.4214   -2.1773   -1.9332   -1.6889   -1.4447   -1.2003   -0.9559   -0.7115   -0.4670   -0.2225

  Columns 41 through 50

    0.0221    0.2668    0.5115    0.7563    1.0011    1.2460    1.4909    1.7359    1.9810    2.2261

  Columns 51 through 60

    2.4712    2.7164    2.9617    3.2070    3.4524    3.6978    3.9433    4.1889    4.4345    4.6801

  Columns 61 through 64

    4.9258    5.1716    5.4174    5.6633


y_a =

    5.9092


Yinter =

  Columns 1 through 10

   -9.7190   -9.4765   -9.2340   -8.9915   -8.7488   -8.5062   -8.2634   -8.0207   -7.7778   -7.5349

  Columns 11 through 20

   -7.2920   -7.0490   -6.8059   -6.5628   -6.3196   -6.0764   -5.8331   -5.5898   -5.3464   -5.1030

  Columns 21 through 30

   -4.8595   -4.6159   -4.3723   -4.1286   -3.8849   -3.6411   -3.3973   -3.1534   -2.9095   -2.6655

  Columns 31 through 40

   -2.4214   -2.1773   -1.9332   -1.6889   -1.4447   -1.2003   -0.9559   -0.7115   -0.4670   -0.2225

  Columns 41 through 50

    0.0221    0.2668    0.5115    0.7563    1.0011    1.2460    1.4909    1.7359    1.9810    2.2261

  Columns 51 through 60

    2.4712    2.7164    2.9617    3.2070    3.4524    3.6978    3.9433    4.1889    4.4345    4.6801

  Columns 61 through 65

    4.9258    5.1716    5.4174    5.6633    5.9092


y_a =

    6.1552


Yinter =

  Columns 1 through 10

   -9.7190   -9.4765   -9.2340   -8.9915   -8.7488   -8.5062   -8.2634   -8.0207   -7.7778   -7.5349

  Columns 11 through 20

   -7.2920   -7.0490   -6.8059   -6.5628   -6.3196   -6.0764   -5.8331   -5.5898   -5.3464   -5.1030

  Columns 21 through 30

   -4.8595   -4.6159   -4.3723   -4.1286   -3.8849   -3.6411   -3.3973   -3.1534   -2.9095   -2.6655

  Columns 31 through 40

   -2.4214   -2.1773   -1.9332   -1.6889   -1.4447   -1.2003   -0.9559   -0.7115   -0.4670   -0.2225

  Columns 41 through 50

    0.0221    0.2668    0.5115    0.7563    1.0011    1.2460    1.4909    1.7359    1.9810    2.2261

  Columns 51 through 60

    2.4712    2.7164    2.9617    3.2070    3.4524    3.6978    3.9433    4.1889    4.4345    4.6801

  Columns 61 through 66

    4.9258    5.1716    5.4174    5.6633    5.9092    6.1552


y_a =

    6.4012


Yinter =

  Columns 1 through 10

   -9.7190   -9.4765   -9.2340   -8.9915   -8.7488   -8.5062   -8.2634   -8.0207   -7.7778   -7.5349

  Columns 11 through 20

   -7.2920   -7.0490   -6.8059   -6.5628   -6.3196   -6.0764   -5.8331   -5.5898   -5.3464   -5.1030

  Columns 21 through 30

   -4.8595   -4.6159   -4.3723   -4.1286   -3.8849   -3.6411   -3.3973   -3.1534   -2.9095   -2.6655

  Columns 31 through 40

   -2.4214   -2.1773   -1.9332   -1.6889   -1.4447   -1.2003   -0.9559   -0.7115   -0.4670   -0.2225

  Columns 41 through 50

    0.0221    0.2668    0.5115    0.7563    1.0011    1.2460    1.4909    1.7359    1.9810    2.2261

  Columns 51 through 60

    2.4712    2.7164    2.9617    3.2070    3.4524    3.6978    3.9433    4.1889    4.4345    4.6801

  Columns 61 through 67

    4.9258    5.1716    5.4174    5.6633    5.9092    6.1552    6.4012


y_a =

    6.6473


Yinter =

  Columns 1 through 10

   -9.7190   -9.4765   -9.2340   -8.9915   -8.7488   -8.5062   -8.2634   -8.0207   -7.7778   -7.5349

  Columns 11 through 20

   -7.2920   -7.0490   -6.8059   -6.5628   -6.3196   -6.0764   -5.8331   -5.5898   -5.3464   -5.1030

  Columns 21 through 30

   -4.8595   -4.6159   -4.3723   -4.1286   -3.8849   -3.6411   -3.3973   -3.1534   -2.9095   -2.6655

  Columns 31 through 40

   -2.4214   -2.1773   -1.9332   -1.6889   -1.4447   -1.2003   -0.9559   -0.7115   -0.4670   -0.2225

  Columns 41 through 50

    0.0221    0.2668    0.5115    0.7563    1.0011    1.2460    1.4909    1.7359    1.9810    2.2261

  Columns 51 through 60

    2.4712    2.7164    2.9617    3.2070    3.4524    3.6978    3.9433    4.1889    4.4345    4.6801

  Columns 61 through 68

    4.9258    5.1716    5.4174    5.6633    5.9092    6.1552    6.4012    6.6473


y_a =

    6.8935


Yinter =

  Columns 1 through 10

   -9.7190   -9.4765   -9.2340   -8.9915   -8.7488   -8.5062   -8.2634   -8.0207   -7.7778   -7.5349

  Columns 11 through 20

   -7.2920   -7.0490   -6.8059   -6.5628   -6.3196   -6.0764   -5.8331   -5.5898   -5.3464   -5.1030

  Columns 21 through 30

   -4.8595   -4.6159   -4.3723   -4.1286   -3.8849   -3.6411   -3.3973   -3.1534   -2.9095   -2.6655

  Columns 31 through 40

   -2.4214   -2.1773   -1.9332   -1.6889   -1.4447   -1.2003   -0.9559   -0.7115   -0.4670   -0.2225

  Columns 41 through 50

    0.0221    0.2668    0.5115    0.7563    1.0011    1.2460    1.4909    1.7359    1.9810    2.2261

  Columns 51 through 60

    2.4712    2.7164    2.9617    3.2070    3.4524    3.6978    3.9433    4.1889    4.4345    4.6801

  Columns 61 through 69

    4.9258    5.1716    5.4174    5.6633    5.9092    6.1552    6.4012    6.6473    6.8935


y_a =

    7.1397


Yinter =

  Columns 1 through 10

   -9.7190   -9.4765   -9.2340   -8.9915   -8.7488   -8.5062   -8.2634   -8.0207   -7.7778   -7.5349

  Columns 11 through 20

   -7.2920   -7.0490   -6.8059   -6.5628   -6.3196   -6.0764   -5.8331   -5.5898   -5.3464   -5.1030

  Columns 21 through 30

   -4.8595   -4.6159   -4.3723   -4.1286   -3.8849   -3.6411   -3.3973   -3.1534   -2.9095   -2.6655

  Columns 31 through 40

   -2.4214   -2.1773   -1.9332   -1.6889   -1.4447   -1.2003   -0.9559   -0.7115   -0.4670   -0.2225

  Columns 41 through 50

    0.0221    0.2668    0.5115    0.7563    1.0011    1.2460    1.4909    1.7359    1.9810    2.2261

  Columns 51 through 60

    2.4712    2.7164    2.9617    3.2070    3.4524    3.6978    3.9433    4.1889    4.4345    4.6801

  Columns 61 through 70

    4.9258    5.1716    5.4174    5.6633    5.9092    6.1552    6.4012    6.6473    6.8935    7.1397


y_a =

    7.3859


Yinter =

  Columns 1 through 10

   -9.7190   -9.4765   -9.2340   -8.9915   -8.7488   -8.5062   -8.2634   -8.0207   -7.7778   -7.5349

  Columns 11 through 20

   -7.2920   -7.0490   -6.8059   -6.5628   -6.3196   -6.0764   -5.8331   -5.5898   -5.3464   -5.1030

  Columns 21 through 30

   -4.8595   -4.6159   -4.3723   -4.1286   -3.8849   -3.6411   -3.3973   -3.1534   -2.9095   -2.6655

  Columns 31 through 40

   -2.4214   -2.1773   -1.9332   -1.6889   -1.4447   -1.2003   -0.9559   -0.7115   -0.4670   -0.2225

  Columns 41 through 50

    0.0221    0.2668    0.5115    0.7563    1.0011    1.2460    1.4909    1.7359    1.9810    2.2261

  Columns 51 through 60

    2.4712    2.7164    2.9617    3.2070    3.4524    3.6978    3.9433    4.1889    4.4345    4.6801

  Columns 61 through 70

    4.9258    5.1716    5.4174    5.6633    5.9092    6.1552    6.4012    6.6473    6.8935    7.1397

  Column 71

    7.3859


y_a =

    7.6323


Yinter =

  Columns 1 through 10

   -9.7190   -9.4765   -9.2340   -8.9915   -8.7488   -8.5062   -8.2634   -8.0207   -7.7778   -7.5349

  Columns 11 through 20

   -7.2920   -7.0490   -6.8059   -6.5628   -6.3196   -6.0764   -5.8331   -5.5898   -5.3464   -5.1030

  Columns 21 through 30

   -4.8595   -4.6159   -4.3723   -4.1286   -3.8849   -3.6411   -3.3973   -3.1534   -2.9095   -2.6655

  Columns 31 through 40

   -2.4214   -2.1773   -1.9332   -1.6889   -1.4447   -1.2003   -0.9559   -0.7115   -0.4670   -0.2225

  Columns 41 through 50

    0.0221    0.2668    0.5115    0.7563    1.0011    1.2460    1.4909    1.7359    1.9810    2.2261

  Columns 51 through 60

    2.4712    2.7164    2.9617    3.2070    3.4524    3.6978    3.9433    4.1889    4.4345    4.6801

  Columns 61 through 70

    4.9258    5.1716    5.4174    5.6633    5.9092    6.1552    6.4012    6.6473    6.8935    7.1397

  Columns 71 through 72

    7.3859    7.6323


y_a =

    7.8786


Yinter =

  Columns 1 through 10

   -9.7190   -9.4765   -9.2340   -8.9915   -8.7488   -8.5062   -8.2634   -8.0207   -7.7778   -7.5349

  Columns 11 through 20

   -7.2920   -7.0490   -6.8059   -6.5628   -6.3196   -6.0764   -5.8331   -5.5898   -5.3464   -5.1030

  Columns 21 through 30

   -4.8595   -4.6159   -4.3723   -4.1286   -3.8849   -3.6411   -3.3973   -3.1534   -2.9095   -2.6655

  Columns 31 through 40

   -2.4214   -2.1773   -1.9332   -1.6889   -1.4447   -1.2003   -0.9559   -0.7115   -0.4670   -0.2225

  Columns 41 through 50

    0.0221    0.2668    0.5115    0.7563    1.0011    1.2460    1.4909    1.7359    1.9810    2.2261

  Columns 51 through 60

    2.4712    2.7164    2.9617    3.2070    3.4524    3.6978    3.9433    4.1889    4.4345    4.6801

  Columns 61 through 70

    4.9258    5.1716    5.4174    5.6633    5.9092    6.1552    6.4012    6.6473    6.8935    7.1397

  Columns 71 through 73

    7.3859    7.6323    7.8786


y_a =

    8.1250


Yinter =

  Columns 1 through 10

   -9.7190   -9.4765   -9.2340   -8.9915   -8.7488   -8.5062   -8.2634   -8.0207   -7.7778   -7.5349

  Columns 11 through 20

   -7.2920   -7.0490   -6.8059   -6.5628   -6.3196   -6.0764   -5.8331   -5.5898   -5.3464   -5.1030

  Columns 21 through 30

   -4.8595   -4.6159   -4.3723   -4.1286   -3.8849   -3.6411   -3.3973   -3.1534   -2.9095   -2.6655

  Columns 31 through 40

   -2.4214   -2.1773   -1.9332   -1.6889   -1.4447   -1.2003   -0.9559   -0.7115   -0.4670   -0.2225

  Columns 41 through 50

    0.0221    0.2668    0.5115    0.7563    1.0011    1.2460    1.4909    1.7359    1.9810    2.2261

  Columns 51 through 60

    2.4712    2.7164    2.9617    3.2070    3.4524    3.6978    3.9433    4.1889    4.4345    4.6801

  Columns 61 through 70

    4.9258    5.1716    5.4174    5.6633    5.9092    6.1552    6.4012    6.6473    6.8935    7.1397

  Columns 71 through 74

    7.3859    7.6323    7.8786    8.1250


y_a =

    8.3715


Yinter =

  Columns 1 through 10

   -9.7190   -9.4765   -9.2340   -8.9915   -8.7488   -8.5062   -8.2634   -8.0207   -7.7778   -7.5349

  Columns 11 through 20

   -7.2920   -7.0490   -6.8059   -6.5628   -6.3196   -6.0764   -5.8331   -5.5898   -5.3464   -5.1030

  Columns 21 through 30

   -4.8595   -4.6159   -4.3723   -4.1286   -3.8849   -3.6411   -3.3973   -3.1534   -2.9095   -2.6655

  Columns 31 through 40

   -2.4214   -2.1773   -1.9332   -1.6889   -1.4447   -1.2003   -0.9559   -0.7115   -0.4670   -0.2225

  Columns 41 through 50

    0.0221    0.2668    0.5115    0.7563    1.0011    1.2460    1.4909    1.7359    1.9810    2.2261

  Columns 51 through 60

    2.4712    2.7164    2.9617    3.2070    3.4524    3.6978    3.9433    4.1889    4.4345    4.6801

  Columns 61 through 70

    4.9258    5.1716    5.4174    5.6633    5.9092    6.1552    6.4012    6.6473    6.8935    7.1397

  Columns 71 through 75

    7.3859    7.6323    7.8786    8.1250    8.3715


y_a =

    8.6181


Yinter =

  Columns 1 through 10

   -9.7190   -9.4765   -9.2340   -8.9915   -8.7488   -8.5062   -8.2634   -8.0207   -7.7778   -7.5349

  Columns 11 through 20

   -7.2920   -7.0490   -6.8059   -6.5628   -6.3196   -6.0764   -5.8331   -5.5898   -5.3464   -5.1030

  Columns 21 through 30

   -4.8595   -4.6159   -4.3723   -4.1286   -3.8849   -3.6411   -3.3973   -3.1534   -2.9095   -2.6655

  Columns 31 through 40

   -2.4214   -2.1773   -1.9332   -1.6889   -1.4447   -1.2003   -0.9559   -0.7115   -0.4670   -0.2225

  Columns 41 through 50

    0.0221    0.2668    0.5115    0.7563    1.0011    1.2460    1.4909    1.7359    1.9810    2.2261

  Columns 51 through 60

    2.4712    2.7164    2.9617    3.2070    3.4524    3.6978    3.9433    4.1889    4.4345    4.6801

  Columns 61 through 70

    4.9258    5.1716    5.4174    5.6633    5.9092    6.1552    6.4012    6.6473    6.8935    7.1397

  Columns 71 through 76

    7.3859    7.6323    7.8786    8.1250    8.3715    8.6181


y_a =

    8.8647


Yinter =

  Columns 1 through 10

   -9.7190   -9.4765   -9.2340   -8.9915   -8.7488   -8.5062   -8.2634   -8.0207   -7.7778   -7.5349

  Columns 11 through 20

   -7.2920   -7.0490   -6.8059   -6.5628   -6.3196   -6.0764   -5.8331   -5.5898   -5.3464   -5.1030

  Columns 21 through 30

   -4.8595   -4.6159   -4.3723   -4.1286   -3.8849   -3.6411   -3.3973   -3.1534   -2.9095   -2.6655

  Columns 31 through 40

   -2.4214   -2.1773   -1.9332   -1.6889   -1.4447   -1.2003   -0.9559   -0.7115   -0.4670   -0.2225

  Columns 41 through 50

    0.0221    0.2668    0.5115    0.7563    1.0011    1.2460    1.4909    1.7359    1.9810    2.2261

  Columns 51 through 60

    2.4712    2.7164    2.9617    3.2070    3.4524    3.6978    3.9433    4.1889    4.4345    4.6801

  Columns 61 through 70

    4.9258    5.1716    5.4174    5.6633    5.9092    6.1552    6.4012    6.6473    6.8935    7.1397

  Columns 71 through 77

    7.3859    7.6323    7.8786    8.1250    8.3715    8.6181    8.8647


y_a =

    9.1113


Yinter =

  Columns 1 through 10

   -9.7190   -9.4765   -9.2340   -8.9915   -8.7488   -8.5062   -8.2634   -8.0207   -7.7778   -7.5349

  Columns 11 through 20

   -7.2920   -7.0490   -6.8059   -6.5628   -6.3196   -6.0764   -5.8331   -5.5898   -5.3464   -5.1030

  Columns 21 through 30

   -4.8595   -4.6159   -4.3723   -4.1286   -3.8849   -3.6411   -3.3973   -3.1534   -2.9095   -2.6655

  Columns 31 through 40

   -2.4214   -2.1773   -1.9332   -1.6889   -1.4447   -1.2003   -0.9559   -0.7115   -0.4670   -0.2225

  Columns 41 through 50

    0.0221    0.2668    0.5115    0.7563    1.0011    1.2460    1.4909    1.7359    1.9810    2.2261

  Columns 51 through 60

    2.4712    2.7164    2.9617    3.2070    3.4524    3.6978    3.9433    4.1889    4.4345    4.6801

  Columns 61 through 70

    4.9258    5.1716    5.4174    5.6633    5.9092    6.1552    6.4012    6.6473    6.8935    7.1397

  Columns 71 through 78

    7.3859    7.6323    7.8786    8.1250    8.3715    8.6181    8.8647    9.1113


y_a =

    9.3580


Yinter =

  Columns 1 through 10

   -9.7190   -9.4765   -9.2340   -8.9915   -8.7488   -8.5062   -8.2634   -8.0207   -7.7778   -7.5349

  Columns 11 through 20

   -7.2920   -7.0490   -6.8059   -6.5628   -6.3196   -6.0764   -5.8331   -5.5898   -5.3464   -5.1030

  Columns 21 through 30

   -4.8595   -4.6159   -4.3723   -4.1286   -3.8849   -3.6411   -3.3973   -3.1534   -2.9095   -2.6655

  Columns 31 through 40

   -2.4214   -2.1773   -1.9332   -1.6889   -1.4447   -1.2003   -0.9559   -0.7115   -0.4670   -0.2225

  Columns 41 through 50

    0.0221    0.2668    0.5115    0.7563    1.0011    1.2460    1.4909    1.7359    1.9810    2.2261

  Columns 51 through 60

    2.4712    2.7164    2.9617    3.2070    3.4524    3.6978    3.9433    4.1889    4.4345    4.6801

  Columns 61 through 70

    4.9258    5.1716    5.4174    5.6633    5.9092    6.1552    6.4012    6.6473    6.8935    7.1397

  Columns 71 through 79

    7.3859    7.6323    7.8786    8.1250    8.3715    8.6181    8.8647    9.1113    9.3580


y_a =

    9.6048


Yinter =

  Columns 1 through 10

   -9.7190   -9.4765   -9.2340   -8.9915   -8.7488   -8.5062   -8.2634   -8.0207   -7.7778   -7.5349

  Columns 11 through 20

   -7.2920   -7.0490   -6.8059   -6.5628   -6.3196   -6.0764   -5.8331   -5.5898   -5.3464   -5.1030

  Columns 21 through 30

   -4.8595   -4.6159   -4.3723   -4.1286   -3.8849   -3.6411   -3.3973   -3.1534   -2.9095   -2.6655

  Columns 31 through 40

   -2.4214   -2.1773   -1.9332   -1.6889   -1.4447   -1.2003   -0.9559   -0.7115   -0.4670   -0.2225

  Columns 41 through 50

    0.0221    0.2668    0.5115    0.7563    1.0011    1.2460    1.4909    1.7359    1.9810    2.2261

  Columns 51 through 60

    2.4712    2.7164    2.9617    3.2070    3.4524    3.6978    3.9433    4.1889    4.4345    4.6801

  Columns 61 through 70

    4.9258    5.1716    5.4174    5.6633    5.9092    6.1552    6.4012    6.6473    6.8935    7.1397

  Columns 71 through 80

    7.3859    7.6323    7.8786    8.1250    8.3715    8.6181    8.8647    9.1113    9.3580    9.6048


y_a =

    9.8516


Yinter =

  Columns 1 through 10

   -9.7190   -9.4765   -9.2340   -8.9915   -8.7488   -8.5062   -8.2634   -8.0207   -7.7778   -7.5349

  Columns 11 through 20

   -7.2920   -7.0490   -6.8059   -6.5628   -6.3196   -6.0764   -5.8331   -5.5898   -5.3464   -5.1030

  Columns 21 through 30

   -4.8595   -4.6159   -4.3723   -4.1286   -3.8849   -3.6411   -3.3973   -3.1534   -2.9095   -2.6655

  Columns 31 through 40

   -2.4214   -2.1773   -1.9332   -1.6889   -1.4447   -1.2003   -0.9559   -0.7115   -0.4670   -0.2225

  Columns 41 through 50

    0.0221    0.2668    0.5115    0.7563    1.0011    1.2460    1.4909    1.7359    1.9810    2.2261

  Columns 51 through 60

    2.4712    2.7164    2.9617    3.2070    3.4524    3.6978    3.9433    4.1889    4.4345    4.6801

  Columns 61 through 70

    4.9258    5.1716    5.4174    5.6633    5.9092    6.1552    6.4012    6.6473    6.8935    7.1397

  Columns 71 through 80

    7.3859    7.6323    7.8786    8.1250    8.3715    8.6181    8.8647    9.1113    9.3580    9.6048

  Column 81

    9.8516
