>> ArquivoPrincipal

...

    -2.0000


x =

    1.0000    2.0000    1.0000    2.0000    1.0000    2.0000


acabou =

     1


maior =

     0


conv =

   1.8986e-07


maior =

   1.8986e-07


acabou =

     0


conv =

   3.9822e-08


acabou =

     0


conv =

   1.8986e-07


maior =

   1.8986e-07


acabou =

     0


conv =

   2.8159e-08


acabou =

     0


conv =

   2.6851e-07


maior =

   2.6851e-07


acabou =

     0


conv =

   2.8159e-08


acabou =

     0


raizes =

    1.0000    2.0000    1.0000    2.0000    1.0000    2.0000


matrizConv =

  Columns 1 through 6

    1.5000    1.0625    0.6094    0.3711    0.2236    0.1350

  Columns 7 through 12

    0.0815    0.0492    0.0297    0.0179    0.0108    0.0065

  Columns 13 through 18

    0.0039    0.0024    0.0014    0.0009    0.0005    0.0003

  Columns 19 through 24

    0.0002    0.0001    0.0001    0.0000    0.0000    0.0000

  Columns 25 through 30

    0.0000    0.0000    0.0000    0.0000    0.0000    0.0000

  Columns 31 through 32

    0.0000    0.0000


X0 =

    1.0000    2.0000    1.0000    2.0000    1.0000    2.0000


somatorio =

     0


somatorio =

   -2.0000


somatorio =

   -2.0000


somatorio =

   -4.0000


somatorio =

   -4.0000


somatorio =

   -4.0000


x =

    1.0000    2.0000    1.0000    2.0000    1.0000    2.0000


somatorio =

     0


somatorio =

   -1.0000


somatorio =

   -2.0000


somatorio =

   -2.0000


somatorio =

   -3.0000


somatorio =

   -3.0000


x =

    1.0000    2.0000    1.0000    2.0000    1.0000    2.0000


somatorio =

     0


somatorio =

     0


somatorio =

   -2.0000


somatorio =

   -2.0000


somatorio =

   -2.0000


somatorio =

   -4.0000


x =

    1.0000    2.0000    1.0000    2.0000    1.0000    2.0000


somatorio =

     0


somatorio =

   -1.0000


somatorio =

   -1.0000


somatorio =

   -1.0000


somatorio =

   -2.0000


somatorio =

   -2.0000


x =

    1.0000    2.0000    1.0000    2.0000    1.0000    2.0000


somatorio =

     0


somatorio =

     0


somatorio =

   -2.0000


somatorio =

   -2.0000


somatorio =

   -4.0000


somatorio =

   -6.0000


x =

    1.0000    2.0000    1.0000    2.0000    1.0000    2.0000


somatorio =

     0


somatorio =

     0


somatorio =

     0


somatorio =

   -1.0000


somatorio =

   -1.0000


somatorio =

   -2.0000


x =

    1.0000    2.0000    1.0000    2.0000    1.0000    2.0000


acabou =

     1


maior =

     0


conv =

   1.6995e-08


maior =

   1.6995e-08


acabou =

     0


conv =

   1.6206e-07


maior =

   1.6206e-07


acabou =

     0


conv =

   1.6995e-08


acabou =

     0


conv =

   1.1459e-07


acabou =

     0


conv =

   2.4035e-08


acabou =

     0


conv =

   1.1459e-07


acabou =

     0


raizes =

    1.0000    2.0000    1.0000    2.0000    1.0000    2.0000


matrizConv =

  Columns 1 through 6

    1.5000    1.0625    0.6094    0.3711    0.2236    0.1350

  Columns 7 through 12

    0.0815    0.0492    0.0297    0.0179    0.0108    0.0065

  Columns 13 through 18

    0.0039    0.0024    0.0014    0.0009    0.0005    0.0003

  Columns 19 through 24

    0.0002    0.0001    0.0001    0.0000    0.0000    0.0000

  Columns 25 through 30

    0.0000    0.0000    0.0000    0.0000    0.0000    0.0000

  Columns 31 through 33

    0.0000    0.0000    0.0000


X0 =

    1.0000    2.0000    1.0000    2.0000    1.0000    2.0000


somatorio =

     0


somatorio =

   -2.0000


somatorio =

   -2.0000


somatorio =

   -4.0000


somatorio =

   -4.0000


somatorio =

   -4.0000


x =

    1.0000    2.0000    1.0000    2.0000    1.0000    2.0000


somatorio =

     0


somatorio =

   -1.0000


somatorio =

   -2.0000


somatorio =

   -2.0000


somatorio =

   -3.0000


somatorio =

   -3.0000


x =

    1.0000    2.0000    1.0000    2.0000    1.0000    2.0000


somatorio =

     0


somatorio =

     0


somatorio =

   -2.0000


somatorio =

   -2.0000


somatorio =

   -2.0000


somatorio =

   -4.0000


x =

    1.0000    2.0000    1.0000    2.0000    1.0000    2.0000


somatorio =

     0


somatorio =

   -1.0000


somatorio =

   -1.0000


somatorio =

   -1.0000


somatorio =

   -2.0000


somatorio =

   -2.0000


x =

    1.0000    2.0000    1.0000    2.0000    1.0000    2.0000


somatorio =

     0


somatorio =

     0


somatorio =

   -2.0000


somatorio =

   -2.0000


somatorio =

   -4.0000


somatorio =

   -6.0000


x =

    1.0000    2.0000    1.0000    2.0000    1.0000    2.0000


somatorio =

     0


somatorio =

     0


somatorio =

     0


somatorio =

   -1.0000


somatorio =

   -1.0000


somatorio =

   -2.0000


x =

    1.0000    2.0000    1.0000    2.0000    1.0000    2.0000


acabou =

     1


maior =

     0


conv =

   6.9163e-08


maior =

   6.9163e-08


acabou =

     0


conv =

   1.4506e-08


acabou =

     0


conv =

   6.9163e-08


maior =

   6.9163e-08


acabou =

     0


conv =

   1.0258e-08


acabou =

     0


conv =

   9.7811e-08


maior =

   9.7811e-08


acabou =

     0


conv =

   1.0258e-08


acabou =

     0


raizes =

    1.0000    2.0000    1.0000    2.0000    1.0000    2.0000


matrizConv =

  Columns 1 through 6

    1.5000    1.0625    0.6094    0.3711    0.2236    0.1350

  Columns 7 through 12

    0.0815    0.0492    0.0297    0.0179    0.0108    0.0065

  Columns 13 through 18

    0.0039    0.0024    0.0014    0.0009    0.0005    0.0003

  Columns 19 through 24

    0.0002    0.0001    0.0001    0.0000    0.0000    0.0000

  Columns 25 through 30

    0.0000    0.0000    0.0000    0.0000    0.0000    0.0000

  Columns 31 through 34

    0.0000    0.0000    0.0000    0.0000


X0 =

    1.0000    2.0000    1.0000    2.0000    1.0000    2.0000


somatorio =

     0


somatorio =

   -2.0000


somatorio =

   -2.0000


somatorio =

   -4.0000


somatorio =

   -4.0000


somatorio =

   -4.0000


x =

    1.0000    2.0000    1.0000    2.0000    1.0000    2.0000


somatorio =

     0


somatorio =

   -1.0000


somatorio =

   -2.0000


somatorio =

   -2.0000


somatorio =

   -3.0000


somatorio =

   -3.0000


x =

    1.0000    2.0000    1.0000    2.0000    1.0000    2.0000


somatorio =

     0


somatorio =

     0


somatorio =

   -2.0000


somatorio =

   -2.0000


somatorio =

   -2.0000


somatorio =

   -4.0000


x =

    1.0000    2.0000    1.0000    2.0000    1.0000    2.0000


somatorio =

     0


somatorio =

   -1.0000


somatorio =

   -1.0000


somatorio =

   -1.0000


somatorio =

   -2.0000


somatorio =

   -2.0000


x =

    1.0000    2.0000    1.0000    2.0000    1.0000    2.0000


somatorio =

     0


somatorio =

     0


somatorio =

   -2.0000


somatorio =

   -2.0000


somatorio =

   -4.0000


somatorio =

   -6.0000


x =

    1.0000    2.0000    1.0000    2.0000    1.0000    2.0000


somatorio =

     0


somatorio =

     0


somatorio =

     0


somatorio =

   -1.0000


somatorio =

   -1.0000


somatorio =

   -2.0000


x =

    1.0000    2.0000    1.0000    2.0000    1.0000    2.0000


acabou =

     1


maior =

     0


conv =

   6.1910e-09


maior =

   6.1910e-09


acabou =

     0


conv =

   5.9034e-08


maior =

   5.9034e-08


acabou =

     0


conv =

   6.1910e-09


acabou =

     0


conv =

   4.1743e-08


acabou =

     0


conv =

   8.7554e-09


acabou =

     0


conv =

   4.1743e-08


acabou =

     0


raizes =

    1.0000    2.0000    1.0000    2.0000    1.0000    2.0000


matrizConv =

  Columns 1 through 6

    1.5000    1.0625    0.6094    0.3711    0.2236    0.1350

  Columns 7 through 12

    0.0815    0.0492    0.0297    0.0179    0.0108    0.0065

  Columns 13 through 18

    0.0039    0.0024    0.0014    0.0009    0.0005    0.0003

  Columns 19 through 24

    0.0002    0.0001    0.0001    0.0000    0.0000    0.0000

  Columns 25 through 30

    0.0000    0.0000    0.0000    0.0000    0.0000    0.0000

  Columns 31 through 35

    0.0000    0.0000    0.0000    0.0000    0.0000


X0 =

    1.0000    2.0000    1.0000    2.0000    1.0000    2.0000


somatorio =

     0


somatorio =

   -2.0000


somatorio =

   -2.0000


somatorio =

   -4.0000


somatorio =

   -4.0000


somatorio =

   -4.0000


x =

    1.0000    2.0000    1.0000    2.0000    1.0000    2.0000


somatorio =

     0


somatorio =

   -1.0000


somatorio =

   -2.0000


somatorio =

   -2.0000


somatorio =

   -3.0000


somatorio =

   -3.0000


x =

    1.0000    2.0000    1.0000    2.0000    1.0000    2.0000


somatorio =

     0


somatorio =

     0


somatorio =

   -2.0000


somatorio =

   -2.0000


somatorio =

   -2.0000


somatorio =

   -4.0000


x =

    1.0000    2.0000    1.0000    2.0000    1.0000    2.0000


somatorio =

     0


somatorio =

   -1.0000


somatorio =

   -1.0000


somatorio =

   -1.0000


somatorio =

   -2.0000


somatorio =

   -2.0000


x =

    1.0000    2.0000    1.0000    2.0000    1.0000    2.0000


somatorio =

     0


somatorio =

     0


somatorio =

   -2.0000


somatorio =

   -2.0000


somatorio =

   -4.0000


somatorio =

   -6.0000


x =

    1.0000    2.0000    1.0000    2.0000    1.0000    2.0000


somatorio =

     0


somatorio =

     0


somatorio =

     0


somatorio =

   -1.0000


somatorio =

   -1.0000


somatorio =

   -2.0000


x =

    1.0000    2.0000    1.0000    2.0000    1.0000    2.0000


acabou =

     1


maior =

     0


conv =

   2.5194e-08


maior =

   2.5194e-08


acabou =

     0


conv =

   5.2843e-09


acabou =

     0


conv =

   2.5194e-08


maior =

   2.5194e-08


acabou =

     0


conv =

   3.7366e-09


acabou =

     0


conv =

   3.5630e-08


maior =

   3.5630e-08


acabou =

     0


conv =

   3.7366e-09


acabou =

     0


raizes =

    1.0000    2.0000    1.0000    2.0000    1.0000    2.0000


matrizConv =

  Columns 1 through 6

    1.5000    1.0625    0.6094    0.3711    0.2236    0.1350

  Columns 7 through 12

    0.0815    0.0492    0.0297    0.0179    0.0108    0.0065

  Columns 13 through 18

    0.0039    0.0024    0.0014    0.0009    0.0005    0.0003

  Columns 19 through 24

    0.0002    0.0001    0.0001    0.0000    0.0000    0.0000

  Columns 25 through 30

    0.0000    0.0000    0.0000    0.0000    0.0000    0.0000

  Columns 31 through 36

    0.0000    0.0000    0.0000    0.0000    0.0000    0.0000


X0 =

    1.0000    2.0000    1.0000    2.0000    1.0000    2.0000


somatorio =

     0


somatorio =

   -2.0000


somatorio =

   -2.0000


somatorio =

   -4.0000


somatorio =

   -4.0000


somatorio =

   -4.0000


x =

    1.0000    2.0000    1.0000    2.0000    1.0000    2.0000


somatorio =

     0


somatorio =

   -1.0000


somatorio =

   -2.0000


somatorio =

   -2.0000


somatorio =

   -3.0000


somatorio =

   -3.0000


x =

    1.0000    2.0000    1.0000    2.0000    1.0000    2.0000


somatorio =

     0


somatorio =

     0


somatorio =

   -2.0000


somatorio =

   -2.0000


somatorio =

   -2.0000


somatorio =

   -4.0000


x =

    1.0000    2.0000    1.0000    2.0000    1.0000    2.0000


somatorio =

     0


somatorio =

   -1.0000


somatorio =

   -1.0000


somatorio =

   -1.0000


somatorio =

   -2.0000


somatorio =

   -2.0000


x =

    1.0000    2.0000    1.0000    2.0000    1.0000    2.0000


somatorio =

     0


somatorio =

     0


somatorio =

   -2.0000


somatorio =

   -2.0000


somatorio =

   -4.0000


somatorio =

   -6.0000


x =

    1.0000    2.0000    1.0000    2.0000    1.0000    2.0000


somatorio =

     0


somatorio =

     0


somatorio =

     0


somatorio =

   -1.0000


somatorio =

   -1.0000


somatorio =

   -2.0000


x =

    1.0000    2.0000    1.0000    2.0000    1.0000    2.0000


acabou =

     1


maior =

     0


conv =

   2.2552e-09


maior =

   2.2552e-09


acabou =

     0


conv =

   2.1505e-08


maior =

   2.1505e-08


acabou =

     0


conv =

   2.2552e-09


acabou =

     0


conv =

   1.5206e-08


acabou =

     0


conv =

   3.1894e-09


acabou =

     0


conv =

   1.5206e-08


acabou =

     0


raizes =

    1.0000    2.0000    1.0000    2.0000    1.0000    2.0000


matrizConv =

  Columns 1 through 6

    1.5000    1.0625    0.6094    0.3711    0.2236    0.1350

  Columns 7 through 12

    0.0815    0.0492    0.0297    0.0179    0.0108    0.0065

  Columns 13 through 18

    0.0039    0.0024    0.0014    0.0009    0.0005    0.0003

  Columns 19 through 24

    0.0002    0.0001    0.0001    0.0000    0.0000    0.0000

  Columns 25 through 30

    0.0000    0.0000    0.0000    0.0000    0.0000    0.0000

  Columns 31 through 36

    0.0000    0.0000    0.0000    0.0000    0.0000    0.0000

  Column 37

    0.0000


X0 =

    1.0000    2.0000    1.0000    2.0000    1.0000    2.0000


somatorio =

     0


somatorio =

   -2.0000


somatorio =

   -2.0000


somatorio =

   -4.0000


somatorio =

   -4.0000


somatorio =

   -4.0000


x =

    1.0000    2.0000    1.0000    2.0000    1.0000    2.0000


somatorio =

     0


somatorio =

   -1.0000


somatorio =

   -2.0000


somatorio =

   -2.0000


somatorio =

   -3.0000


somatorio =

   -3.0000


x =

    1.0000    2.0000    1.0000    2.0000    1.0000    2.0000


somatorio =

     0


somatorio =

     0


somatorio =

   -2.0000


somatorio =

   -2.0000


somatorio =

   -2.0000


somatorio =

   -4.0000


x =

    1.0000    2.0000    1.0000    2.0000    1.0000    2.0000


somatorio =

     0


somatorio =

   -1.0000


somatorio =

   -1.0000


somatorio =

   -1.0000


somatorio =

   -2.0000


somatorio =

   -2.0000


x =

    1.0000    2.0000    1.0000    2.0000    1.0000    2.0000


somatorio =

     0


somatorio =

     0


somatorio =

   -2.0000


somatorio =

   -2.0000


somatorio =

   -4.0000


somatorio =

   -6.0000


x =

    1.0000    2.0000    1.0000    2.0000    1.0000    2.0000


somatorio =

     0


somatorio =

     0


somatorio =

     0


somatorio =

   -1.0000


somatorio =

   -1.0000


somatorio =

   -2.0000


x =

    1.0000    2.0000    1.0000    2.0000    1.0000    2.0000


acabou =

     1


maior =

     0


conv =

   9.1777e-09


maior =

   9.1777e-09


acabou =

     0


conv =

   1.9250e-09


acabou =

     0


conv =

   9.1777e-09


maior =

   9.1777e-09


acabou =

     0


conv =

   1.3611e-09


acabou =

     0


conv =

   1.2979e-08


maior =

   1.2979e-08


acabou =

     0


conv =

   1.3611e-09


acabou =

     0


raizes =

    1.0000    2.0000    1.0000    2.0000    1.0000    2.0000


matrizConv =

  Columns 1 through 6

    1.5000    1.0625    0.6094    0.3711    0.2236    0.1350

  Columns 7 through 12

    0.0815    0.0492    0.0297    0.0179    0.0108    0.0065

  Columns 13 through 18

    0.0039    0.0024    0.0014    0.0009    0.0005    0.0003

  Columns 19 through 24

    0.0002    0.0001    0.0001    0.0000    0.0000    0.0000

  Columns 25 through 30

    0.0000    0.0000    0.0000    0.0000    0.0000    0.0000

  Columns 31 through 36

    0.0000    0.0000    0.0000    0.0000    0.0000    0.0000

  Columns 37 through 38

    0.0000    0.0000


X0 =

    1.0000    2.0000    1.0000    2.0000    1.0000    2.0000


somatorio =

     0


somatorio =

   -2.0000


somatorio =

   -2.0000


somatorio =

   -4.0000


somatorio =

   -4.0000


somatorio =

   -4.0000


x =

    1.0000    2.0000    1.0000    2.0000    1.0000    2.0000


somatorio =

     0


somatorio =

   -1.0000


somatorio =

   -2.0000


somatorio =

   -2.0000


somatorio =

   -3.0000


somatorio =

   -3.0000


x =

    1.0000    2.0000    1.0000    2.0000    1.0000    2.0000


somatorio =

     0


somatorio =

     0


somatorio =

   -2.0000


somatorio =

   -2.0000


somatorio =

   -2.0000


somatorio =

   -4.0000


x =

    1.0000    2.0000    1.0000    2.0000    1.0000    2.0000


somatorio =

     0


somatorio =

   -1.0000


somatorio =

   -1.0000


somatorio =

   -1.0000


somatorio =

   -2.0000


somatorio =

   -2.0000


x =

    1.0000    2.0000    1.0000    2.0000    1.0000    2.0000


somatorio =

     0


somatorio =

     0


somatorio =

   -2.0000


somatorio =

   -2.0000


somatorio =

   -4.0000


somatorio =

   -6.0000


x =

    1.0000    2.0000    1.0000    2.0000    1.0000    2.0000


somatorio =

     0


somatorio =

     0


somatorio =

     0


somatorio =

   -1.0000


somatorio =

   -1.0000


somatorio =

   -2.0000


x =

    1.0000    2.0000    1.0000    2.0000    1.0000    2.0000


acabou =

     1


maior =

     0


conv =

   8.2153e-10


maior =

   8.2153e-10


acabou =

     0


conv =

   7.8337e-09


maior =

   7.8337e-09


acabou =

     0


conv =

   8.2153e-10


acabou =

     0


conv =

   5.5393e-09


acabou =

     0


conv =

   1.1618e-09


acabou =

     0


conv =

   5.5393e-09


acabou =

     0


raizes =

    1.0000    2.0000    1.0000    2.0000    1.0000    2.0000


matrizConv =

  Columns 1 through 6

    1.5000    1.0625    0.6094    0.3711    0.2236    0.1350

  Columns 7 through 12

    0.0815    0.0492    0.0297    0.0179    0.0108    0.0065

  Columns 13 through 18

    0.0039    0.0024    0.0014    0.0009    0.0005    0.0003

  Columns 19 through 24

    0.0002    0.0001    0.0001    0.0000    0.0000    0.0000

  Columns 25 through 30

    0.0000    0.0000    0.0000    0.0000    0.0000    0.0000

  Columns 31 through 36

    0.0000    0.0000    0.0000    0.0000    0.0000    0.0000

  Columns 37 through 39

    0.0000    0.0000    0.0000


X0 =

    1.0000    2.0000    1.0000    2.0000    1.0000    2.0000


somatorio =

     0


somatorio =

   -2.0000


somatorio =

   -2.0000


somatorio =

   -4.0000


somatorio =

   -4.0000


somatorio =

   -4.0000


x =

    1.0000    2.0000    1.0000    2.0000    1.0000    2.0000


somatorio =

     0


somatorio =

   -1.0000


somatorio =

   -2.0000


somatorio =

   -2.0000


somatorio =

   -3.0000


somatorio =

   -3.0000


x =

    1.0000    2.0000    1.0000    2.0000    1.0000    2.0000


somatorio =

     0


somatorio =

     0


somatorio =

   -2.0000


somatorio =

   -2.0000


somatorio =

   -2.0000


somatorio =

   -4.0000


x =

    1.0000    2.0000    1.0000    2.0000    1.0000    2.0000


somatorio =

     0


somatorio =

   -1.0000


somatorio =

   -1.0000


somatorio =

   -1.0000


somatorio =

   -2.0000


somatorio =

   -2.0000


x =

    1.0000    2.0000    1.0000    2.0000    1.0000    2.0000


somatorio =

     0


somatorio =

     0


somatorio =

   -2.0000


somatorio =

   -2.0000


somatorio =

   -4.0000


somatorio =

   -6.0000


x =

    1.0000    2.0000    1.0000    2.0000    1.0000    2.0000


somatorio =

     0


somatorio =

     0


somatorio =

     0


somatorio =

   -1.0000


somatorio =

   -1.0000


somatorio =

   -2.0000


x =

    1.0000    2.0000    1.0000    2.0000    1.0000    2.0000


acabou =

     1


maior =

     0


conv =

   3.3432e-09


maior =

   3.3432e-09


acabou =

     0


conv =

   7.0122e-10


acabou =

     0


conv =

   3.3432e-09


maior =

   3.3432e-09


acabou =

     0


conv =

   4.9583e-10


acabou =

     0


conv =

   4.7281e-09


maior =

   4.7281e-09


acabou =

     0


conv =

   4.9583e-10


acabou =

     0


raizes =

    1.0000    2.0000    1.0000    2.0000    1.0000    2.0000


matrizConv =

  Columns 1 through 6

    1.5000    1.0625    0.6094    0.3711    0.2236    0.1350

  Columns 7 through 12

    0.0815    0.0492    0.0297    0.0179    0.0108    0.0065

  Columns 13 through 18

    0.0039    0.0024    0.0014    0.0009    0.0005    0.0003

  Columns 19 through 24

    0.0002    0.0001    0.0001    0.0000    0.0000    0.0000

  Columns 25 through 30

    0.0000    0.0000    0.0000    0.0000    0.0000    0.0000

  Columns 31 through 36

    0.0000    0.0000    0.0000    0.0000    0.0000    0.0000

  Columns 37 through 40

    0.0000    0.0000    0.0000    0.0000


X0 =

    1.0000    2.0000    1.0000    2.0000    1.0000    2.0000


somatorio =

     0


somatorio =

   -2.0000


somatorio =

   -2.0000


somatorio =

   -4.0000


somatorio =

   -4.0000


somatorio =

   -4.0000


x =

    1.0000    2.0000    1.0000    2.0000    1.0000    2.0000


somatorio =

     0


somatorio =

   -1.0000


somatorio =

   -2.0000


somatorio =

   -2.0000


somatorio =

   -3.0000


somatorio =

   -3.0000


x =

    1.0000    2.0000    1.0000    2.0000    1.0000    2.0000


somatorio =

     0


somatorio =

     0


somatorio =

   -2.0000


somatorio =

   -2.0000


somatorio =

   -2.0000


somatorio =

   -4.0000


x =

    1.0000    2.0000    1.0000    2.0000    1.0000    2.0000


somatorio =

     0


somatorio =

   -1.0000


somatorio =

   -1.0000


somatorio =

   -1.0000


somatorio =

   -2.0000


somatorio =

   -2.0000


x =

    1.0000    2.0000    1.0000    2.0000    1.0000    2.0000


somatorio =

     0


somatorio =

     0


somatorio =

   -2.0000


somatorio =

   -2.0000


somatorio =

   -4.0000


somatorio =

   -6.0000


x =

    1.0000    2.0000    1.0000    2.0000    1.0000    2.0000


somatorio =

     0


somatorio =

     0


somatorio =

     0


somatorio =

   -1.0000


somatorio =

   -1.0000


somatorio =

   -2.0000


x =

    1.0000    2.0000    1.0000    2.0000    1.0000    2.0000


acabou =

     1


maior =

     0


conv =

   2.9926e-10


maior =

   2.9926e-10


acabou =

     0


conv =

   2.8536e-09


maior =

   2.8536e-09


acabou =

     0


conv =

   2.9926e-10


acabou =

     0


conv =

   2.0178e-09


acabou =

     0


conv =

   4.2322e-10


acabou =

     0


conv =

   2.0178e-09


acabou =

     0


raizes =

    1.0000    2.0000    1.0000    2.0000    1.0000    2.0000


matrizConv =

  Columns 1 through 6

    1.5000    1.0625    0.6094    0.3711    0.2236    0.1350

  Columns 7 through 12

    0.0815    0.0492    0.0297    0.0179    0.0108    0.0065

  Columns 13 through 18

    0.0039    0.0024    0.0014    0.0009    0.0005    0.0003

  Columns 19 through 24

    0.0002    0.0001    0.0001    0.0000    0.0000    0.0000

  Columns 25 through 30

    0.0000    0.0000    0.0000    0.0000    0.0000    0.0000

  Columns 31 through 36

    0.0000    0.0000    0.0000    0.0000    0.0000    0.0000

  Columns 37 through 41

    0.0000    0.0000    0.0000    0.0000    0.0000


X0 =

    1.0000    2.0000    1.0000    2.0000    1.0000    2.0000


somatorio =

     0


somatorio =

   -2.0000


somatorio =

   -2.0000


somatorio =

   -4.0000


somatorio =

   -4.0000


somatorio =

   -4.0000


x =

    1.0000    2.0000    1.0000    2.0000    1.0000    2.0000


somatorio =

     0


somatorio =

   -1.0000


somatorio =

   -2.0000


somatorio =

   -2.0000


somatorio =

   -3.0000


somatorio =

   -3.0000


x =

    1.0000    2.0000    1.0000    2.0000    1.0000    2.0000


somatorio =

     0


somatorio =

     0


somatorio =

   -2.0000


somatorio =

   -2.0000


somatorio =

   -2.0000


somatorio =

   -4.0000


x =

    1.0000    2.0000    1.0000    2.0000    1.0000    2.0000


somatorio =

     0


somatorio =

   -1.0000


somatorio =

   -1.0000


somatorio =

   -1.0000


somatorio =

   -2.0000


somatorio =

   -2.0000


x =

    1.0000    2.0000    1.0000    2.0000    1.0000    2.0000


somatorio =

     0


somatorio =

     0


somatorio =

   -2.0000


somatorio =

   -2.0000


somatorio =

   -4.0000


somatorio =

   -6.0000


x =

    1.0000    2.0000    1.0000    2.0000    1.0000    2.0000


somatorio =

     0


somatorio =

     0


somatorio =

     0


somatorio =

   -1.0000


somatorio =

   -1.0000


somatorio =

   -2.0000


x =

    1.0000    2.0000    1.0000    2.0000    1.0000    2.0000


acabou =

     1


maior =

     0


conv =

   1.2179e-09


maior =

   1.2179e-09


acabou =

     0


conv =

   2.5544e-10


acabou =

     0


conv =

   1.2179e-09


maior =

   1.2179e-09


acabou =

     0


conv =

   1.8062e-10


acabou =

     0


conv =

   1.7223e-09


maior =

   1.7223e-09


acabou =

     0


conv =

   1.8062e-10


acabou =

     0


raizes =

    1.0000    2.0000    1.0000    2.0000    1.0000    2.0000


matrizConv =

  Columns 1 through 6

    1.5000    1.0625    0.6094    0.3711    0.2236    0.1350

  Columns 7 through 12

    0.0815    0.0492    0.0297    0.0179    0.0108    0.0065

  Columns 13 through 18

    0.0039    0.0024    0.0014    0.0009    0.0005    0.0003

  Columns 19 through 24

    0.0002    0.0001    0.0001    0.0000    0.0000    0.0000

  Columns 25 through 30

    0.0000    0.0000    0.0000    0.0000    0.0000    0.0000

  Columns 31 through 36

    0.0000    0.0000    0.0000    0.0000    0.0000    0.0000

  Columns 37 through 42

    0.0000    0.0000    0.0000    0.0000    0.0000    0.0000


X0 =

    1.0000    2.0000    1.0000    2.0000    1.0000    2.0000


somatorio =

     0


somatorio =

   -2.0000


somatorio =

   -2.0000


somatorio =

   -4.0000


somatorio =

   -4.0000


somatorio =

   -4.0000


x =

    1.0000    2.0000    1.0000    2.0000    1.0000    2.0000


somatorio =

     0


somatorio =

   -1.0000


somatorio =

   -2.0000


somatorio =

   -2.0000


somatorio =

   -3.0000


somatorio =

   -3.0000


x =

    1.0000    2.0000    1.0000    2.0000    1.0000    2.0000


somatorio =

     0


somatorio =

     0


somatorio =

   -2.0000


somatorio =

   -2.0000


somatorio =

   -2.0000


somatorio =

   -4.0000


x =

    1.0000    2.0000    1.0000    2.0000    1.0000    2.0000


somatorio =

     0


somatorio =

   -1.0000


somatorio =

   -1.0000


somatorio =

   -1.0000


somatorio =

   -2.0000


somatorio =

   -2.0000


x =

    1.0000    2.0000    1.0000    2.0000    1.0000    2.0000


somatorio =

     0


somatorio =

     0


somatorio =

   -2.0000


somatorio =

   -2.0000


somatorio =

   -4.0000


somatorio =

   -6.0000


x =

    1.0000    2.0000    1.0000    2.0000    1.0000    2.0000


somatorio =

     0


somatorio =

     0


somatorio =

     0


somatorio =

   -1.0000


somatorio =

   -1.0000


somatorio =

   -2.0000


x =

    1.0000    2.0000    1.0000    2.0000    1.0000    2.0000


acabou =

     1


maior =

     0


conv =

   1.0901e-10


maior =

   1.0901e-10


acabou =

     0


conv =

   1.0395e-09


maior =

   1.0395e-09


acabou =

     0


conv =

   1.0901e-10


acabou =

     0


conv =

   7.3505e-10


acabou =

     0


conv =

   1.5417e-10


acabou =

     0


conv =

   7.3505e-10


acabou =

     0


raizes =

    1.0000    2.0000    1.0000    2.0000    1.0000    2.0000


matrizConv =

  Columns 1 through 6

    1.5000    1.0625    0.6094    0.3711    0.2236    0.1350

  Columns 7 through 12

    0.0815    0.0492    0.0297    0.0179    0.0108    0.0065

  Columns 13 through 18

    0.0039    0.0024    0.0014    0.0009    0.0005    0.0003

  Columns 19 through 24

    0.0002    0.0001    0.0001    0.0000    0.0000    0.0000

  Columns 25 through 30

    0.0000    0.0000    0.0000    0.0000    0.0000    0.0000

  Columns 31 through 36

    0.0000    0.0000    0.0000    0.0000    0.0000    0.0000

  Columns 37 through 42

    0.0000    0.0000    0.0000    0.0000    0.0000    0.0000

  Column 43

    0.0000


X0 =

    1.0000    2.0000    1.0000    2.0000    1.0000    2.0000


somatorio =

     0


somatorio =

   -2.0000


somatorio =

   -2.0000


somatorio =

   -4.0000


somatorio =

   -4.0000


somatorio =

   -4.0000


x =

    1.0000    2.0000    1.0000    2.0000    1.0000    2.0000


somatorio =

     0


somatorio =

   -1.0000


somatorio =

   -2.0000


somatorio =

   -2.0000


somatorio =

   -3.0000


somatorio =

   -3.0000


x =

    1.0000    2.0000    1.0000    2.0000    1.0000    2.0000


somatorio =

     0


somatorio =

     0


somatorio =

   -2.0000


somatorio =

   -2.0000


somatorio =

   -2.0000


somatorio =

   -4.0000


x =

    1.0000    2.0000    1.0000    2.0000    1.0000    2.0000


somatorio =

     0


somatorio =

   -1.0000


somatorio =

   -1.0000


somatorio =

   -1.0000


somatorio =

   -2.0000


somatorio =

   -2.0000


x =

    1.0000    2.0000    1.0000    2.0000    1.0000    2.0000


somatorio =

     0


somatorio =

     0


somatorio =

   -2.0000


somatorio =

   -2.0000


somatorio =

   -4.0000


somatorio =

   -6.0000


x =

    1.0000    2.0000    1.0000    2.0000    1.0000    2.0000


somatorio =

     0


somatorio =

     0


somatorio =

     0


somatorio =

   -1.0000


somatorio =

   -1.0000


somatorio =

   -2.0000


x =

    1.0000    2.0000    1.0000    2.0000    1.0000    2.0000


acabou =

     1


maior =

     0


conv =

   4.4364e-10


maior =

   4.4364e-10


acabou =

     0


conv =

   9.3050e-11


conv =

   4.4364e-10


maior =

   4.4364e-10


acabou =

     0


conv =

   6.5796e-11


conv =

   6.2740e-10


maior =

   6.2740e-10


acabou =

     0


conv =

   6.5796e-11


raizes =

    1.0000    2.0000    1.0000    2.0000    1.0000    2.0000


matrizConv =

  Columns 1 through 6

    1.5000    1.0625    0.6094    0.3711    0.2236    0.1350

  Columns 7 through 12

    0.0815    0.0492    0.0297    0.0179    0.0108    0.0065

  Columns 13 through 18

    0.0039    0.0024    0.0014    0.0009    0.0005    0.0003

  Columns 19 through 24

    0.0002    0.0001    0.0001    0.0000    0.0000    0.0000

  Columns 25 through 30

    0.0000    0.0000    0.0000    0.0000    0.0000    0.0000

  Columns 31 through 36

    0.0000    0.0000    0.0000    0.0000    0.0000    0.0000

  Columns 37 through 42

    0.0000    0.0000    0.0000    0.0000    0.0000    0.0000

  Columns 43 through 44

    0.0000    0.0000


X0 =

    1.0000    2.0000    1.0000    2.0000    1.0000    2.0000


somatorio =

     0


somatorio =

   -2.0000


somatorio =

   -2.0000


somatorio =

   -4.0000


somatorio =

   -4.0000


somatorio =

   -4.0000


x =

    1.0000    2.0000    1.0000    2.0000    1.0000    2.0000


somatorio =

     0


somatorio =

   -1.0000


somatorio =

   -2.0000


somatorio =

   -2.0000


somatorio =

   -3.0000


somatorio =

   -3.0000


x =

    1.0000    2.0000    1.0000    2.0000    1.0000    2.0000


somatorio =

     0


somatorio =

     0


somatorio =

   -2.0000


somatorio =

   -2.0000


somatorio =

   -2.0000


somatorio =

   -4.0000


x =

    1.0000    2.0000    1.0000    2.0000    1.0000    2.0000


somatorio =

     0


somatorio =

   -1.0000


somatorio =

   -1.0000


somatorio =

   -1.0000


somatorio =

   -2.0000


somatorio =

   -2.0000


x =

    1.0000    2.0000    1.0000    2.0000    1.0000    2.0000


somatorio =

     0


somatorio =

     0


somatorio =

   -2.0000


somatorio =

   -2.0000


somatorio =

   -4.0000


somatorio =

   -6.0000


x =

    1.0000    2.0000    1.0000    2.0000    1.0000    2.0000


somatorio =

     0


somatorio =

     0


somatorio =

     0


somatorio =

   -1.0000


somatorio =

   -1.0000


somatorio =

   -2.0000


x =

    1.0000    2.0000    1.0000    2.0000    1.0000    2.0000


acabou =

     1


maior =

     0


conv =

   3.9711e-11


maior =

   3.9711e-11


conv =

   3.7867e-10


maior =

   3.7867e-10


acabou =

     0


conv =

   3.9711e-11


conv =

   2.6776e-10


acabou =

     0


conv =

   5.6160e-11


conv =

   2.6776e-10


acabou =

     0


raizes =

    1.0000    2.0000    1.0000    2.0000    1.0000    2.0000


matrizConv =

  Columns 1 through 6

    1.5000    1.0625    0.6094    0.3711    0.2236    0.1350

  Columns 7 through 12

    0.0815    0.0492    0.0297    0.0179    0.0108    0.0065

  Columns 13 through 18

    0.0039    0.0024    0.0014    0.0009    0.0005    0.0003

  Columns 19 through 24

    0.0002    0.0001    0.0001    0.0000    0.0000    0.0000

  Columns 25 through 30

    0.0000    0.0000    0.0000    0.0000    0.0000    0.0000

  Columns 31 through 36

    0.0000    0.0000    0.0000    0.0000    0.0000    0.0000

  Columns 37 through 42

    0.0000    0.0000    0.0000    0.0000    0.0000    0.0000

  Columns 43 through 45

    0.0000    0.0000    0.0000


X0 =

    1.0000    2.0000    1.0000    2.0000    1.0000    2.0000


somatorio =

     0


somatorio =

   -2.0000


somatorio =

   -2.0000


somatorio =

   -4.0000


somatorio =

   -4.0000


somatorio =

   -4.0000


x =

    1.0000    2.0000    1.0000    2.0000    1.0000    2.0000


somatorio =

     0


somatorio =

   -1.0000


somatorio =

   -2.0000


somatorio =

   -2.0000


somatorio =

   -3.0000


somatorio =

   -3.0000


x =

    1.0000    2.0000    1.0000    2.0000    1.0000    2.0000


somatorio =

     0


somatorio =

     0


somatorio =

   -2.0000


somatorio =

   -2.0000


somatorio =

   -2.0000


somatorio =

   -4.0000


x =

    1.0000    2.0000    1.0000    2.0000    1.0000    2.0000


somatorio =

     0


somatorio =

   -1.0000


somatorio =

   -1.0000


somatorio =

   -1.0000


somatorio =

   -2.0000


somatorio =

   -2.0000


x =

    1.0000    2.0000    1.0000    2.0000    1.0000    2.0000


somatorio =

     0


somatorio =

     0


somatorio =

   -2.0000


somatorio =

   -2.0000


somatorio =

   -4.0000


somatorio =

   -6.0000


x =

    1.0000    2.0000    1.0000    2.0000    1.0000    2.0000


somatorio =

     0


somatorio =

     0


somatorio =

     0


somatorio =

   -1.0000


somatorio =

   -1.0000


somatorio =

   -2.0000


x =

    1.0000    2.0000    1.0000    2.0000    1.0000    2.0000


acabou =

     1


maior =

     0


conv =

   1.6161e-10


maior =

   1.6161e-10


acabou =

     0


conv =

   3.3896e-11


conv =

   1.6161e-10


maior =

   1.6161e-10


acabou =

     0


conv =

   2.3968e-11


conv =

   2.2855e-10


maior =

   2.2855e-10


acabou =

     0


conv =

   2.3968e-11


raizes =

    1.0000    2.0000    1.0000    2.0000    1.0000    2.0000


matrizConv =

  Columns 1 through 6

    1.5000    1.0625    0.6094    0.3711    0.2236    0.1350

  Columns 7 through 12

    0.0815    0.0492    0.0297    0.0179    0.0108    0.0065

  Columns 13 through 18

    0.0039    0.0024    0.0014    0.0009    0.0005    0.0003

  Columns 19 through 24

    0.0002    0.0001    0.0001    0.0000    0.0000    0.0000

  Columns 25 through 30

    0.0000    0.0000    0.0000    0.0000    0.0000    0.0000

  Columns 31 through 36

    0.0000    0.0000    0.0000    0.0000    0.0000    0.0000

  Columns 37 through 42

    0.0000    0.0000    0.0000    0.0000    0.0000    0.0000

  Columns 43 through 46

    0.0000    0.0000    0.0000    0.0000


X0 =

    1.0000    2.0000    1.0000    2.0000    1.0000    2.0000


somatorio =

     0


somatorio =

   -2.0000


somatorio =

   -2.0000


somatorio =

   -4.0000


somatorio =

   -4.0000


somatorio =

   -4.0000


x =

    1.0000    2.0000    1.0000    2.0000    1.0000    2.0000


somatorio =

     0


somatorio =

   -1.0000


somatorio =

   -2.0000


somatorio =

   -2.0000


somatorio =

   -3.0000


somatorio =

   -3.0000


x =

    1.0000    2.0000    1.0000    2.0000    1.0000    2.0000


somatorio =

     0


somatorio =

     0


somatorio =

   -2.0000


somatorio =

   -2.0000


somatorio =

   -2.0000


somatorio =

   -4.0000


x =

    1.0000    2.0000    1.0000    2.0000    1.0000    2.0000


somatorio =

     0


somatorio =

   -1.0000


somatorio =

   -1.0000


somatorio =

   -1.0000


somatorio =

   -2.0000


somatorio =

   -2.0000


x =

    1.0000    2.0000    1.0000    2.0000    1.0000    2.0000


somatorio =

     0


somatorio =

     0


somatorio =

   -2.0000


somatorio =

   -2.0000


somatorio =

   -4.0000


somatorio =

   -6.0000


x =

    1.0000    2.0000    1.0000    2.0000    1.0000    2.0000


somatorio =

     0


somatorio =

     0


somatorio =

     0


somatorio =

   -1.0000


somatorio =

   -1.0000


somatorio =

   -2.0000


x =

    1.0000    2.0000    1.0000    2.0000    1.0000    2.0000


acabou =

     1


maior =

     0


conv =

   1.4466e-11


maior =

   1.4466e-11


conv =

   1.3794e-10


maior =

   1.3794e-10


acabou =

     0


conv =

   1.4466e-11


conv =

   9.7539e-11


conv =

   2.0458e-11


conv =

   9.7539e-11


raizes =

    1.0000    2.0000    1.0000    2.0000    1.0000    2.0000


matrizConv =

  Columns 1 through 6

    1.5000    1.0625    0.6094    0.3711    0.2236    0.1350

  Columns 7 through 12

    0.0815    0.0492    0.0297    0.0179    0.0108    0.0065

  Columns 13 through 18

    0.0039    0.0024    0.0014    0.0009    0.0005    0.0003

  Columns 19 through 24

    0.0002    0.0001    0.0001    0.0000    0.0000    0.0000

  Columns 25 through 30

    0.0000    0.0000    0.0000    0.0000    0.0000    0.0000

  Columns 31 through 36

    0.0000    0.0000    0.0000    0.0000    0.0000    0.0000

  Columns 37 through 42

    0.0000    0.0000    0.0000    0.0000    0.0000    0.0000

  Columns 43 through 47

    0.0000    0.0000    0.0000    0.0000    0.0000


X0 =

    1.0000    2.0000    1.0000    2.0000    1.0000    2.0000


somatorio =

     0


somatorio =

   -2.0000


somatorio =

   -2.0000


somatorio =

   -4.0000


somatorio =

   -4.0000


somatorio =

   -4.0000


x =

    1.0000    2.0000    1.0000    2.0000    1.0000    2.0000


somatorio =

     0


somatorio =

   -1.0000


somatorio =

   -2.0000


somatorio =

   -2.0000


somatorio =

   -3.0000


somatorio =

   -3.0000


x =

    1.0000    2.0000    1.0000    2.0000    1.0000    2.0000


somatorio =

     0


somatorio =

     0


somatorio =

   -2.0000


somatorio =

   -2.0000


somatorio =

   -2.0000


somatorio =

   -4.0000


x =

    1.0000    2.0000    1.0000    2.0000    1.0000    2.0000


somatorio =

     0


somatorio =

   -1.0000


somatorio =

   -1.0000


somatorio =

   -1.0000


somatorio =

   -2.0000


somatorio =

   -2.0000


x =

    1.0000    2.0000    1.0000    2.0000    1.0000    2.0000


somatorio =

     0


somatorio =

     0


somatorio =

   -2.0000


somatorio =

   -2.0000


somatorio =

   -4.0000


somatorio =

   -6.0000


x =

    1.0000    2.0000    1.0000    2.0000    1.0000    2.0000


somatorio =

     0


somatorio =

     0


somatorio =

     0


somatorio =

   -1.0000


somatorio =

   -1.0000


somatorio =

   -2.0000


x =

    1.0000    2.0000    1.0000    2.0000    1.0000    2.0000


acabou =

     1


maior =

     0


conv =

   5.8870e-11


maior =

   5.8870e-11


conv =

   1.2347e-11


conv =

   5.8870e-11


maior =

   5.8870e-11


conv =

   8.7308e-12


conv =

   8.3254e-11


maior =

   8.3254e-11


conv =

   8.7308e-12


raizes =

    1.0000    2.0000    1.0000    2.0000    1.0000    2.0000


matrizConv =

  Columns 1 through 6

    1.5000    1.0625    0.6094    0.3711    0.2236    0.1350

  Columns 7 through 12

    0.0815    0.0492    0.0297    0.0179    0.0108    0.0065

  Columns 13 through 18

    0.0039    0.0024    0.0014    0.0009    0.0005    0.0003

  Columns 19 through 24

    0.0002    0.0001    0.0001    0.0000    0.0000    0.0000

  Columns 25 through 30

    0.0000    0.0000    0.0000    0.0000    0.0000    0.0000

  Columns 31 through 36

    0.0000    0.0000    0.0000    0.0000    0.0000    0.0000

  Columns 37 through 42

    0.0000    0.0000    0.0000    0.0000    0.0000    0.0000

  Columns 43 through 48

    0.0000    0.0000    0.0000    0.0000    0.0000    0.0000


raizesB_2d =

    1.0000    2.0000    1.0000    2.0000    1.0000    2.0000


difB_2d =

  Columns 1 through 6

    1.5000    1.0625    0.6094    0.3711    0.2236    0.1350

  Columns 7 through 12

    0.0815    0.0492    0.0297    0.0179    0.0108    0.0065

  Columns 13 through 18

    0.0039    0.0024    0.0014    0.0009    0.0005    0.0003

  Columns 19 through 24

    0.0002    0.0001    0.0001    0.0000    0.0000    0.0000

  Columns 25 through 30

    0.0000    0.0000    0.0000    0.0000    0.0000    0.0000

  Columns 31 through 36

    0.0000    0.0000    0.0000    0.0000    0.0000    0.0000

  Columns 37 through 42

    0.0000    0.0000    0.0000    0.0000    0.0000    0.0000

  Columns 43 through 48

    0.0000    0.0000    0.0000    0.0000    0.0000    0.0000


tamA_2d =

  Columns 1 through 11

     1     2     3     4     5     6     7     8     9    10    11

  Columns 12 through 22

    12    13    14    15    16    17    18    19    20    21    22

  Columns 23 through 33

    23    24    25    26    27    28    29    30    31    32    33

  Columns 34 through 44

    34    35    36    37    38    39    40    41    42    43    44

  Columns 45 through 48

    45    46    47    48


tamB_2d =

  Columns 1 through 11

     1     2     3     4     5     6     7     8     9    10    11

  Columns 12 through 22

    12    13    14    15    16    17    18    19    20    21    22

  Columns 23 through 33

    23    24    25    26    27    28    29    30    31    32    33

  Columns 34 through 44

    34    35    36    37    38    39    40    41    42    43    44

  Columns 45 through 48

    45    46    47    48
